
*** Running vivado
    with args -log design_1_IQ_DDC_0_0.vds -m64 -product Vivado -mode batch -messageDb vivado.pb -notrace -source design_1_IQ_DDC_0_0.tcl


****** Vivado v2024.2 (64-bit)
  **** SW Build 5239630 on Fri Nov 08 22:34:34 MST 2024
  **** IP Build 5239520 on Sun Nov 10 16:12:51 MST 2024
  **** SharedData Build 5239561 on Fri Nov 08 14:39:27 MST 2024
  **** Start of session at: Thu Nov  6 16:33:27 2025
    ** Copyright 1986-2022 Xilinx, Inc. All Rights Reserved.
    ** Copyright 2022-2024 Advanced Micro Devices, Inc. All Rights Reserved.

source design_1_IQ_DDC_0_0.tcl -notrace
INFO: [IP_Flow 19-234] Refreshing IP repositories
INFO: [IP_Flow 19-1704] No user IP repositories specified
INFO: [IP_Flow 19-2313] Loaded Vivado IP repository '/home/elysia/Software/Xilinx/Vivado/2024.2/data/ip'.
Command: synth_design -top design_1_IQ_DDC_0_0 -part xc7z020clg484-1 -incremental_mode off -mode out_of_context
Starting synth_design
Attempting to get a license for feature 'Synthesis' and/or device 'xc7z020'
INFO: [Common 17-349] Got license for feature 'Synthesis' and/or device 'xc7z020'
INFO: [Device 21-403] Loading part xc7z020clg484-1
INFO: [Synth 8-7079] Multithreading enabled for synth_design using a maximum of 7 processes.
INFO: [Synth 8-7078] Launching helper process for spawning children vivado processes
WARNING: [Common 17-1361] You have specified a new message control rule that is equivalent to an existing rule with attributes ' -id {17-179}  -suppress '. The existing rule will be replaced.
INFO: [Synth 8-7075] Helper process launched with PID 331746
---------------------------------------------------------------------------------
Starting RTL Elaboration : Time (s): cpu = 00:00:03 ; elapsed = 00:00:03 . Memory (MB): peak = 1979.961 ; gain = 415.434 ; free physical = 863 ; free virtual = 12638
---------------------------------------------------------------------------------
INFO: [Synth 8-6157] synthesizing module 'design_1_IQ_DDC_0_0' [/home/elysia/Software/Xilinx/Project/11-6/2023D_lwx.gen/sources_1/bd/design_1/ip/design_1_IQ_DDC_0_0/synth/design_1_IQ_DDC_0_0.v:53]
INFO: [Synth 8-6157] synthesizing module 'IQ_DDC' [/home/elysia/Software/Xilinx/Project/11-6/2023D_lwx.srcs/sources_1/new/IQ_DDC.v:25]
	Parameter PHASE_INC bound to: 171798692 - type: integer 
INFO: [Synth 8-6157] synthesizing module 'cic_compiler_iq' [/home/elysia/Software/Xilinx/Project/11-6/2023D_lwx.runs/design_1_IQ_DDC_0_0_synth_1/.Xil/Vivado-330885-ubuntu/realtime/cic_compiler_iq_stub.v:6]
INFO: [Synth 8-6155] done synthesizing module 'cic_compiler_iq' (0#1) [/home/elysia/Software/Xilinx/Project/11-6/2023D_lwx.runs/design_1_IQ_DDC_0_0_synth_1/.Xil/Vivado-330885-ubuntu/realtime/cic_compiler_iq_stub.v:6]
INFO: [Synth 8-6155] done synthesizing module 'IQ_DDC' (0#1) [/home/elysia/Software/Xilinx/Project/11-6/2023D_lwx.srcs/sources_1/new/IQ_DDC.v:25]
INFO: [Synth 8-6155] done synthesizing module 'design_1_IQ_DDC_0_0' (0#1) [/home/elysia/Software/Xilinx/Project/11-6/2023D_lwx.gen/sources_1/bd/design_1/ip/design_1_IQ_DDC_0_0/synth/design_1_IQ_DDC_0_0.v:53]
---------------------------------------------------------------------------------
Finished RTL Elaboration : Time (s): cpu = 00:00:04 ; elapsed = 00:00:04 . Memory (MB): peak = 2056.930 ; gain = 492.402 ; free physical = 705 ; free virtual = 12491
---------------------------------------------------------------------------------
---------------------------------------------------------------------------------
Start Handling Custom Attributes
---------------------------------------------------------------------------------
---------------------------------------------------------------------------------
Finished Handling Custom Attributes : Time (s): cpu = 00:00:04 ; elapsed = 00:00:04 . Memory (MB): peak = 2074.742 ; gain = 510.215 ; free physical = 696 ; free virtual = 12480
---------------------------------------------------------------------------------
---------------------------------------------------------------------------------
Finished RTL Optimization Phase 1 : Time (s): cpu = 00:00:04 ; elapsed = 00:00:04 . Memory (MB): peak = 2074.742 ; gain = 510.215 ; free physical = 696 ; free virtual = 12480
---------------------------------------------------------------------------------
Netlist sorting complete. Time (s): cpu = 00:00:00 ; elapsed = 00:00:00 . Memory (MB): peak = 2074.742 ; gain = 0.000 ; free physical = 689 ; free virtual = 12474
INFO: [Project 1-570] Preparing netlist for logic optimization

Processing XDC Constraints
Initializing timing engine
Parsing XDC File [/home/elysia/Software/Xilinx/Project/11-6/2023D_lwx.gen/sources_1/ip/cic_compiler_iq/cic_compiler_iq/cic_compiler_iq_in_context.xdc] for cell 'inst/cic_inst_i'
Finished Parsing XDC File [/home/elysia/Software/Xilinx/Project/11-6/2023D_lwx.gen/sources_1/ip/cic_compiler_iq/cic_compiler_iq/cic_compiler_iq_in_context.xdc] for cell 'inst/cic_inst_i'
Parsing XDC File [/home/elysia/Software/Xilinx/Project/11-6/2023D_lwx.gen/sources_1/ip/cic_compiler_iq/cic_compiler_iq/cic_compiler_iq_in_context.xdc] for cell 'inst/cic_inst_q'
Finished Parsing XDC File [/home/elysia/Software/Xilinx/Project/11-6/2023D_lwx.gen/sources_1/ip/cic_compiler_iq/cic_compiler_iq/cic_compiler_iq_in_context.xdc] for cell 'inst/cic_inst_q'
Parsing XDC File [/home/elysia/Software/Xilinx/Project/11-6/2023D_lwx.gen/sources_1/bd/design_1/ip/design_1_IQ_DDC_0_0/design_1_IQ_DDC_0_0_ooc.xdc] for cell 'inst'
Finished Parsing XDC File [/home/elysia/Software/Xilinx/Project/11-6/2023D_lwx.gen/sources_1/bd/design_1/ip/design_1_IQ_DDC_0_0/design_1_IQ_DDC_0_0_ooc.xdc] for cell 'inst'
Parsing XDC File [/home/elysia/Software/Xilinx/Project/11-6/2023D_lwx.runs/design_1_IQ_DDC_0_0_synth_1/dont_touch.xdc]
Finished Parsing XDC File [/home/elysia/Software/Xilinx/Project/11-6/2023D_lwx.runs/design_1_IQ_DDC_0_0_synth_1/dont_touch.xdc]
Completed Processing XDC Constraints

Netlist sorting complete. Time (s): cpu = 00:00:00 ; elapsed = 00:00:00 . Memory (MB): peak = 2183.480 ; gain = 0.000 ; free physical = 328 ; free virtual = 12115
INFO: [Project 1-111] Unisim Transformation Summary:
No Unisim elements were transformed.

Constraint Validation Runtime : Time (s): cpu = 00:00:00.02 ; elapsed = 00:00:00.01 . Memory (MB): peak = 2183.480 ; gain = 0.000 ; free physical = 323 ; free virtual = 12111
INFO: [Designutils 20-5008] Incremental synthesis strategy off
---------------------------------------------------------------------------------
Finished Constraint Validation : Time (s): cpu = 00:00:10 ; elapsed = 00:00:10 . Memory (MB): peak = 2183.480 ; gain = 618.953 ; free physical = 956 ; free virtual = 12311
---------------------------------------------------------------------------------
---------------------------------------------------------------------------------
Start Loading Part and Timing Information
---------------------------------------------------------------------------------
Loading part: xc7z020clg484-1
---------------------------------------------------------------------------------
Finished Loading Part and Timing Information : Time (s): cpu = 00:00:10 ; elapsed = 00:00:10 . Memory (MB): peak = 2191.484 ; gain = 626.957 ; free physical = 956 ; free virtual = 12311
---------------------------------------------------------------------------------
---------------------------------------------------------------------------------
Start Applying 'set_property' XDC Constraints
---------------------------------------------------------------------------------
Applied set_property KEEP_HIERARCHY = SOFT for inst. (constraint file  /home/elysia/Software/Xilinx/Project/11-6/2023D_lwx.runs/design_1_IQ_DDC_0_0_synth_1/dont_touch.xdc, line 12).
Applied set_property KEEP_HIERARCHY = SOFT for inst/cic_inst_i. (constraint file  auto generated constraint).
Applied set_property KEEP_HIERARCHY = SOFT for inst/cic_inst_q. (constraint file  auto generated constraint).
---------------------------------------------------------------------------------
Finished applying 'set_property' XDC Constraints : Time (s): cpu = 00:00:10 ; elapsed = 00:00:10 . Memory (MB): peak = 2191.484 ; gain = 626.957 ; free physical = 950 ; free virtual = 12307
---------------------------------------------------------------------------------
---------------------------------------------------------------------------------
Finished RTL Optimization Phase 2 : Time (s): cpu = 00:00:10 ; elapsed = 00:00:10 . Memory (MB): peak = 2191.484 ; gain = 626.957 ; free physical = 891 ; free virtual = 12261
---------------------------------------------------------------------------------
---------------------------------------------------------------------------------
Start RTL Component Statistics 
---------------------------------------------------------------------------------
Detailed RTL Component Info : 
+---Registers : 
	               16 Bit    Registers := 2     
---------------------------------------------------------------------------------
Finished RTL Component Statistics 
---------------------------------------------------------------------------------
---------------------------------------------------------------------------------
Start Part Resource Summary
---------------------------------------------------------------------------------
Part Resources:
DSPs: 220 (col length:60)
BRAMs: 280 (col length: RAMB18 60 RAMB36 30)
---------------------------------------------------------------------------------
Finished Part Resource Summary
---------------------------------------------------------------------------------
---------------------------------------------------------------------------------
Start Cross Boundary and Area Optimization
---------------------------------------------------------------------------------
WARNING: [Synth 8-7080] Parallel synthesis criteria is not met
DSP Report: Generating DSP i_mixer, operation Mode is: A*B.
DSP Report: operator i_mixer is absorbed into DSP i_mixer.
DSP Report: Generating DSP q_mixer, operation Mode is: A*B.
DSP Report: operator q_mixer is absorbed into DSP q_mixer.
---------------------------------------------------------------------------------
Finished Cross Boundary and Area Optimization : Time (s): cpu = 00:00:14 ; elapsed = 00:00:14 . Memory (MB): peak = 2191.484 ; gain = 626.957 ; free physical = 414 ; free virtual = 11808
---------------------------------------------------------------------------------
 Sort Area is  i_mixer_0 : 0 0 : 1937 1937 : Used 1 time 0
 Sort Area is  q_mixer_2 : 0 0 : 1937 1937 : Used 1 time 0
---------------------------------------------------------------------------------
Start ROM, RAM, DSP, Shift Register and Retiming Reporting
---------------------------------------------------------------------------------

ROM: Preliminary Mapping Report
+------------+------------+---------------+----------------+
|Module Name | RTL Object | Depth x Width | Implemented As | 
+------------+------------+---------------+----------------+
|IQ_DDC      | cosine_lut | 256x16        | LUT            | 
|IQ_DDC      | sine_lut   | 256x16        | LUT            | 
|IQ_DDC      | p_0_out    | 256x16        | LUT            | 
+------------+------------+---------------+----------------+


DSP: Preliminary Mapping Report (see note below. The ' indicates corresponding REG is set)
+------------+-------------+--------+--------+--------+--------+--------+------+------+------+------+-------+------+------+
|Module Name | DSP Mapping | A Size | B Size | C Size | D Size | P Size | AREG | BREG | CREG | DREG | ADREG | MREG | PREG | 
+------------+-------------+--------+--------+--------+--------+--------+------+------+------+------+-------+------+------+
|IQ_DDC      | A*B         | 16     | 16     | -      | -      | 32     | 0    | 0    | -    | -    | -     | 0    | 0    | 
|IQ_DDC      | A*B         | 16     | 16     | -      | -      | 32     | 0    | 0    | -    | -    | -     | 0    | 0    | 
+------------+-------------+--------+--------+--------+--------+--------+------+------+------+------+-------+------+------+

Note: The table above is a preliminary report that shows the DSPs inferred at the current stage of the synthesis flow. Some DSP may be reimplemented as non DSP primitives later in the synthesis flow. Multiple instantiated DSPs are reported only once.
---------------------------------------------------------------------------------
Finished ROM, RAM, DSP, Shift Register and Retiming Reporting
---------------------------------------------------------------------------------
---------------------------------------------------------------------------------
Start Applying XDC Timing Constraints
---------------------------------------------------------------------------------
---------------------------------------------------------------------------------
Finished Applying XDC Timing Constraints : Time (s): cpu = 00:00:20 ; elapsed = 00:00:20 . Memory (MB): peak = 2265.484 ; gain = 700.957 ; free physical = 178 ; free virtual = 11073
---------------------------------------------------------------------------------
---------------------------------------------------------------------------------
Start Timing Optimization
---------------------------------------------------------------------------------
---------------------------------------------------------------------------------
Finished Timing Optimization : Time (s): cpu = 00:00:20 ; elapsed = 00:00:20 . Memory (MB): peak = 2265.484 ; gain = 700.957 ; free physical = 230 ; free virtual = 11054
---------------------------------------------------------------------------------
---------------------------------------------------------------------------------
Start Technology Mapping
---------------------------------------------------------------------------------
---------------------------------------------------------------------------------
Finished Technology Mapping : Time (s): cpu = 00:00:20 ; elapsed = 00:00:20 . Memory (MB): peak = 2277.516 ; gain = 712.988 ; free physical = 235 ; free virtual = 11031
---------------------------------------------------------------------------------
---------------------------------------------------------------------------------
Start IO Insertion
---------------------------------------------------------------------------------
---------------------------------------------------------------------------------
Start Flattening Before IO Insertion
---------------------------------------------------------------------------------
---------------------------------------------------------------------------------
Finished Flattening Before IO Insertion
---------------------------------------------------------------------------------
---------------------------------------------------------------------------------
Start Final Netlist Cleanup
---------------------------------------------------------------------------------
---------------------------------------------------------------------------------
Finished Final Netlist Cleanup
---------------------------------------------------------------------------------
---------------------------------------------------------------------------------
Finished IO Insertion : Time (s): cpu = 00:00:22 ; elapsed = 00:00:22 . Memory (MB): peak = 2446.328 ; gain = 881.801 ; free physical = 364 ; free virtual = 11090
---------------------------------------------------------------------------------
---------------------------------------------------------------------------------
Start Renaming Generated Instances
---------------------------------------------------------------------------------
---------------------------------------------------------------------------------
Finished Renaming Generated Instances : Time (s): cpu = 00:00:22 ; elapsed = 00:00:22 . Memory (MB): peak = 2446.328 ; gain = 881.801 ; free physical = 364 ; free virtual = 11090
---------------------------------------------------------------------------------
---------------------------------------------------------------------------------
Start Rebuilding User Hierarchy
---------------------------------------------------------------------------------
---------------------------------------------------------------------------------
Finished Rebuilding User Hierarchy : Time (s): cpu = 00:00:22 ; elapsed = 00:00:22 . Memory (MB): peak = 2446.328 ; gain = 881.801 ; free physical = 363 ; free virtual = 11090
---------------------------------------------------------------------------------
---------------------------------------------------------------------------------
Start Renaming Generated Ports
---------------------------------------------------------------------------------
---------------------------------------------------------------------------------
Finished Renaming Generated Ports : Time (s): cpu = 00:00:22 ; elapsed = 00:00:22 . Memory (MB): peak = 2446.328 ; gain = 881.801 ; free physical = 363 ; free virtual = 11090
---------------------------------------------------------------------------------
---------------------------------------------------------------------------------
Start Handling Custom Attributes
---------------------------------------------------------------------------------
---------------------------------------------------------------------------------
Finished Handling Custom Attributes : Time (s): cpu = 00:00:22 ; elapsed = 00:00:22 . Memory (MB): peak = 2446.328 ; gain = 881.801 ; free physical = 360 ; free virtual = 11087
---------------------------------------------------------------------------------
---------------------------------------------------------------------------------
Start Renaming Generated Nets
---------------------------------------------------------------------------------
---------------------------------------------------------------------------------
Finished Renaming Generated Nets : Time (s): cpu = 00:00:22 ; elapsed = 00:00:22 . Memory (MB): peak = 2446.328 ; gain = 881.801 ; free physical = 360 ; free virtual = 11087
---------------------------------------------------------------------------------
---------------------------------------------------------------------------------
Start Writing Synthesis Report
---------------------------------------------------------------------------------

DSP Final Report (the ' indicates corresponding REG is set)
+------------+-------------+--------+--------+--------+--------+--------+------+------+------+------+-------+------+------+
|Module Name | DSP Mapping | A Size | B Size | C Size | D Size | P Size | AREG | BREG | CREG | DREG | ADREG | MREG | PREG | 
+------------+-------------+--------+--------+--------+--------+--------+------+------+------+------+-------+------+------+
|IQ_DDC      | A*B         | 30     | 18     | -      | -      | 32     | 0    | 0    | -    | -    | -     | 0    | 0    | 
|IQ_DDC      | A*B         | 30     | 18     | -      | -      | 32     | 0    | 0    | -    | -    | -     | 0    | 0    | 
+------------+-------------+--------+--------+--------+--------+--------+------+------+------+------+-------+------+------+


Report BlackBoxes: 
+------+----------------+----------+
|      |BlackBox name   |Instances |
+------+----------------+----------+
|1     |cic_compiler_iq |         2|
+------+----------------+----------+

Report Cell Usage: 
+------+----------------+------+
|      |Cell            |Count |
+------+----------------+------+
|1     |cic_compiler_iq |     2|
|3     |CARRY4          |     8|
|4     |DSP48E1         |     2|
|5     |LUT1            |    14|
|6     |LUT4            |     1|
|7     |LUT5            |     4|
|8     |LUT6            |   111|
|9     |MUXF7           |     2|
|10    |FDCE            |    62|
+------+----------------+------+
---------------------------------------------------------------------------------
Finished Writing Synthesis Report : Time (s): cpu = 00:00:22 ; elapsed = 00:00:22 . Memory (MB): peak = 2446.328 ; gain = 881.801 ; free physical = 360 ; free virtual = 11087
---------------------------------------------------------------------------------
Synthesis finished with 0 errors, 0 critical warnings and 1 warnings.
Synthesis Optimization Runtime : Time (s): cpu = 00:00:21 ; elapsed = 00:00:21 . Memory (MB): peak = 2446.328 ; gain = 773.062 ; free physical = 352 ; free virtual = 11078
Synthesis Optimization Complete : Time (s): cpu = 00:00:22 ; elapsed = 00:00:22 . Memory (MB): peak = 2446.336 ; gain = 881.801 ; free physical = 352 ; free virtual = 11078
INFO: [Project 1-571] Translating synthesized netlist
Netlist sorting complete. Time (s): cpu = 00:00:00 ; elapsed = 00:00:00 . Memory (MB): peak = 2446.336 ; gain = 0.000 ; free physical = 328 ; free virtual = 11055
INFO: [Netlist 29-17] Analyzing 12 Unisim elements for replacement
INFO: [Netlist 29-28] Unisim Transformation completed in 0 CPU seconds
INFO: [Project 1-570] Preparing netlist for logic optimization
INFO: [Opt 31-138] Pushed 0 inverter(s) to 0 load pin(s).
Netlist sorting complete. Time (s): cpu = 00:00:00 ; elapsed = 00:00:00 . Memory (MB): peak = 2502.355 ; gain = 0.000 ; free physical = 290 ; free virtual = 11032
INFO: [Project 1-111] Unisim Transformation Summary:
No Unisim elements were transformed.

Synth Design complete | Checksum: 1f3f28e
INFO: [Common 17-83] Releasing license: Synthesis
24 Infos, 2 Warnings, 0 Critical Warnings and 0 Errors encountered.
synth_design completed successfully
synth_design: Time (s): cpu = 00:00:30 ; elapsed = 00:00:28 . Memory (MB): peak = 2502.355 ; gain = 1009.863 ; free physical = 282 ; free virtual = 11024
INFO: [Common 17-2834] synth_design peak Physical Memory [PSS] (MB): overall = 1436.798; main = 1414.455; forked = 180.499
INFO: [Common 17-2834] synth_design peak Virtual Memory [VSS] (MB): overall = 3183.941; main = 2502.359; forked = 918.453
INFO: [Coretcl 2-1174] Renamed 3 cell refs.
Write ShapeDB Complete: Time (s): cpu = 00:00:00 ; elapsed = 00:00:00 . Memory (MB): peak = 2526.367 ; gain = 0.000 ; free physical = 266 ; free virtual = 11008
INFO: [Common 17-1381] The checkpoint '/home/elysia/Software/Xilinx/Project/11-6/2023D_lwx.runs/design_1_IQ_DDC_0_0_synth_1/design_1_IQ_DDC_0_0.dcp' has been generated.
INFO: [Vivado 12-24828] Executing command : report_utilization -file design_1_IQ_DDC_0_0_utilization_synth.rpt -pb design_1_IQ_DDC_0_0_utilization_synth.pb
INFO: [Common 17-206] Exiting Vivado at Thu Nov  6 16:33:59 2025...
