Vivado Simulator v2024.2.0
Copyright 1986-2022 Xilinx, Inc. All Rights Reserved.
Copyright 2022-2024 Advanced Micro Devices, Inc. All Rights Reserved.
Running: /home/elysia/Software/Xilinx/Vivado/2024.2/bin/unwrapped/lnx64.o/xelab --debug typical --relax --mt 8 -L xil_defaultlib -L xbip_utils_v3_0_14 -L axi_utils_v2_0_10 -L fir_compiler_v7_2_23 -L mult_gen_v12_0_22 -L c_reg_fd_v12_0_10 -L xbip_dsp48_wrapper_v3_0_6 -L xbip_pipe_v3_0_10 -L c_addsub_v12_0_19 -L cordic_v6_0_23 -L cic_compiler_v4_0_20 -L xlconcat_v2_1_6 -L axi_infrastructure_v1_1_0 -L axi_vip_v1_1_19 -L processing_system7_vip_v1_0_21 -L axi_lite_ipif_v3_0_4 -L lib_cdc_v1_0_3 -L interrupt_control_v3_1_5 -L axi_gpio_v2_0_35 -L proc_sys_reset_v5_0_16 -L xlconstant_v1_1_9 -L smartconnect_v1_0 -L axi_register_slice_v2_1_33 -L uvm -L xilinx_vip -L unisims_ver -L unimacro_ver -L secureip -L xpm --snapshot testbench_behav xil_defaultlib.testbench xil_defaultlib.glbl -log elaborate.log 
Using 8 slave threads.
Starting static elaboration
Pass Through NonSizing Optimizer
WARNING: [VRFC 10-9380] size mismatch in mixed-language port association of VHDL port 'm_axis_data_tdata' [/home/elysia/Software/Xilinx/Project/11-6V3/2023D_lwx.srcs/sources_1/new/FSK_DM.v:87]
WARNING: [VRFC 10-9380] size mismatch in mixed-language port association of VHDL port 'm_axis_data_tdata' [/home/elysia/Software/Xilinx/Project/11-6V3/2023D_lwx.srcs/sources_1/new/costas_loop.v:102]
WARNING: [VRFC 10-9380] size mismatch in mixed-language port association of VHDL port 'm_axis_data_tdata' [/home/elysia/Software/Xilinx/Project/11-6V3/2023D_lwx.srcs/sources_1/new/costas_loop.v:112]
WARNING: [VRFC 10-9380] size mismatch in mixed-language port association of VHDL port 'm_axis_data_tdata' [/home/elysia/Software/Xilinx/Project/11-6V3/2023D_lwx.srcs/sources_1/new/PSK_DM.v:63]
WARNING: [VRFC 10-3091] actual bit length 128 differs from formal bit length 64 for port 'WR_DATA_STRB' [/scratch/proj/xbuilds/SWIP/2024.2_1113_1001/infra/XSIM/lin/.cxl.ip/incl/processing_system7_vip_v1_0_21_axi_gp.v:208]
WARNING: [VRFC 10-3091] actual bit length 12 differs from formal bit length 6 for port 'm_axi_bid' [/wrk/ci/prod/2024.2/sw/continuous/3059/packages/customer/vivado/data/ip/xilinx/processing_system7_vip_v1_0/hdl/processing_system7_vip_v1_0_vl_rfs.sv:5546]
WARNING: [VRFC 10-3091] actual bit length 12 differs from formal bit length 6 for port 'm_axi_rid' [/wrk/ci/prod/2024.2/sw/continuous/3059/packages/customer/vivado/data/ip/xilinx/processing_system7_vip_v1_0/hdl/processing_system7_vip_v1_0_vl_rfs.sv:5564]
WARNING: [VRFC 10-3091] actual bit length 128 differs from formal bit length 64 for port 'WR_DATA_STRB' [/scratch/proj/xbuilds/SWIP/2024.2_1113_1001/infra/XSIM/lin/.cxl.ip/incl/processing_system7_vip_v1_0_21_axi_gp.v:292]
WARNING: [VRFC 10-3091] actual bit length 8 differs from formal bit length 9 for port 'WR_BYTES' [/scratch/proj/xbuilds/SWIP/2024.2_1113_1001/infra/XSIM/lin/.cxl.ip/incl/processing_system7_vip_v1_0_21_axi_hp.v:80]
WARNING: [VRFC 10-3091] actual bit length 8 differs from formal bit length 9 for port 'RD_BYTES' [/scratch/proj/xbuilds/SWIP/2024.2_1113_1001/infra/XSIM/lin/.cxl.ip/incl/processing_system7_vip_v1_0_21_axi_hp.v:89]
WARNING: [VRFC 10-3091] actual bit length 12 differs from formal bit length 6 for port 'm_axi_bid' [/wrk/ci/prod/2024.2/sw/continuous/3059/packages/customer/vivado/data/ip/xilinx/processing_system7_vip_v1_0/hdl/processing_system7_vip_v1_0_vl_rfs.sv:10256]
WARNING: [VRFC 10-3091] actual bit length 12 differs from formal bit length 6 for port 'm_axi_rid' [/wrk/ci/prod/2024.2/sw/continuous/3059/packages/customer/vivado/data/ip/xilinx/processing_system7_vip_v1_0/hdl/processing_system7_vip_v1_0_vl_rfs.sv:10274]
WARNING: [VRFC 10-3091] actual bit length 32 differs from formal bit length 64 for port 'm_axi_rdata' [/wrk/ci/prod/2024.2/sw/continuous/3059/packages/customer/vivado/data/ip/xilinx/processing_system7_vip_v1_0/hdl/processing_system7_vip_v1_0_vl_rfs.sv:10275]
WARNING: [VRFC 10-3091] actual bit length 8 differs from formal bit length 9 for port 'WR_BYTES' [/scratch/proj/xbuilds/SWIP/2024.2_1113_1001/infra/XSIM/lin/.cxl.ip/incl/processing_system7_vip_v1_0_21_axi_hp.v:165]
WARNING: [VRFC 10-3091] actual bit length 8 differs from formal bit length 9 for port 'RD_BYTES' [/scratch/proj/xbuilds/SWIP/2024.2_1113_1001/infra/XSIM/lin/.cxl.ip/incl/processing_system7_vip_v1_0_21_axi_hp.v:174]
WARNING: [VRFC 10-3091] actual bit length 8 differs from formal bit length 9 for port 'WR_BYTES' [/scratch/proj/xbuilds/SWIP/2024.2_1113_1001/infra/XSIM/lin/.cxl.ip/incl/processing_system7_vip_v1_0_21_axi_hp.v:251]
WARNING: [VRFC 10-3091] actual bit length 8 differs from formal bit length 9 for port 'RD_BYTES' [/scratch/proj/xbuilds/SWIP/2024.2_1113_1001/infra/XSIM/lin/.cxl.ip/incl/processing_system7_vip_v1_0_21_axi_hp.v:260]
WARNING: [VRFC 10-3091] actual bit length 8 differs from formal bit length 9 for port 'WR_BYTES' [/scratch/proj/xbuilds/SWIP/2024.2_1113_1001/infra/XSIM/lin/.cxl.ip/incl/processing_system7_vip_v1_0_21_axi_hp.v:337]
WARNING: [VRFC 10-3091] actual bit length 8 differs from formal bit length 9 for port 'RD_BYTES' [/scratch/proj/xbuilds/SWIP/2024.2_1113_1001/infra/XSIM/lin/.cxl.ip/incl/processing_system7_vip_v1_0_21_axi_hp.v:346]
WARNING: [VRFC 10-3091] actual bit length 12 differs from formal bit length 3 for port 'm_axi_bid' [/wrk/ci/prod/2024.2/sw/continuous/3059/packages/customer/vivado/data/ip/xilinx/processing_system7_vip_v1_0/hdl/processing_system7_vip_v1_0_vl_rfs.sv:7157]
WARNING: [VRFC 10-3091] actual bit length 12 differs from formal bit length 3 for port 'm_axi_rid' [/wrk/ci/prod/2024.2/sw/continuous/3059/packages/customer/vivado/data/ip/xilinx/processing_system7_vip_v1_0/hdl/processing_system7_vip_v1_0_vl_rfs.sv:7175]
WARNING: [VRFC 10-3091] actual bit length 32 differs from formal bit length 64 for port 'm_axi_rdata' [/wrk/ci/prod/2024.2/sw/continuous/3059/packages/customer/vivado/data/ip/xilinx/processing_system7_vip_v1_0/hdl/processing_system7_vip_v1_0_vl_rfs.sv:7176]
WARNING: [VRFC 10-3091] actual bit length 64 differs from formal bit length 24 for port 'phase_acc' [/home/elysia/Software/Xilinx/Project/11-6V3/2023D_lwx.srcs/sim_1/new/testbench.sv:49]
WARNING: [VRFC 10-3091] actual bit length 32 differs from formal bit length 24 for port 'phase_diff' [/home/elysia/Software/Xilinx/Project/11-6V3/2023D_lwx.srcs/sim_1/new/testbench.sv:50]
WARNING: [VRFC 10-3091] actual bit length 64 differs from formal bit length 24 for port 'phase_acc' [/home/elysia/Software/Xilinx/Project/11-6V3/2023D_lwx.srcs/sim_1/new/testbench.sv:54]
WARNING: [VRFC 10-3091] actual bit length 32 differs from formal bit length 24 for port 'phase_diff' [/home/elysia/Software/Xilinx/Project/11-6V3/2023D_lwx.srcs/sim_1/new/testbench.sv:55]
WARNING: [VRFC 10-5021] port 'UART_0_0_rxd' is not connected on this instance [/home/elysia/Software/Xilinx/Project/11-6V3/2023D_lwx.srcs/sim_1/new/testbench.sv:218]
WARNING: [VRFC 10-5021] port 'mb_reset' is not connected on this instance [/home/elysia/Software/Xilinx/Project/11-6V3/2023D_lwx.ip_user_files/bd/design_1/sim/design_1.v:712]
WARNING: [VRFC 10-5021] port 'mb_reset' is not connected on this instance [/home/elysia/Software/Xilinx/Project/11-6V3/2023D_lwx.ip_user_files/bd/design_1/ip/design_1_axi_smc_1/bd_0/sim/bd_6f02.v:3012]
WARNING: [VRFC 10-5021] port 'ENET0_GMII_RXD' is not connected on this instance [/home/elysia/Software/Xilinx/Project/11-6V3/2023D_lwx.ip_user_files/bd/design_1/ip/design_1_processing_system7_0_0/sim/design_1_processing_system7_0_0.v:189]
WARNING: [VRFC 10-3129] assignment to input 'wr_dv_ocm_gp0' [/wrk/ci/prod/2024.2/sw/continuous/3059/packages/customer/vivado/data/ip/xilinx/processing_system7_vip_v1_0/hdl/processing_system7_vip_v1_0_vl_rfs.sv:4372]
WARNING: [VRFC 10-3129] assignment to input 'wr_dv_ddr_gp0' [/wrk/ci/prod/2024.2/sw/continuous/3059/packages/customer/vivado/data/ip/xilinx/processing_system7_vip_v1_0/hdl/processing_system7_vip_v1_0_vl_rfs.sv:4373]
WARNING: [VRFC 10-3129] assignment to input 'wr_dv_ocm_gp1' [/wrk/ci/prod/2024.2/sw/continuous/3059/packages/customer/vivado/data/ip/xilinx/processing_system7_vip_v1_0/hdl/processing_system7_vip_v1_0_vl_rfs.sv:4394]
WARNING: [VRFC 10-3129] assignment to input 'wr_dv_ddr_gp1' [/wrk/ci/prod/2024.2/sw/continuous/3059/packages/customer/vivado/data/ip/xilinx/processing_system7_vip_v1_0/hdl/processing_system7_vip_v1_0_vl_rfs.sv:4395]
WARNING: [VRFC 10-3129] assignment to input 'wr_dv_ddr_hp0' [/wrk/ci/prod/2024.2/sw/continuous/3059/packages/customer/vivado/data/ip/xilinx/processing_system7_vip_v1_0/hdl/processing_system7_vip_v1_0_vl_rfs.sv:4465]
WARNING: [VRFC 10-3129] assignment to input 'wr_dv_ddr_hp1' [/wrk/ci/prod/2024.2/sw/continuous/3059/packages/customer/vivado/data/ip/xilinx/processing_system7_vip_v1_0/hdl/processing_system7_vip_v1_0_vl_rfs.sv:4483]
WARNING: [VRFC 10-3129] assignment to input 'wr_dv_ddr_hp2' [/wrk/ci/prod/2024.2/sw/continuous/3059/packages/customer/vivado/data/ip/xilinx/processing_system7_vip_v1_0/hdl/processing_system7_vip_v1_0_vl_rfs.sv:4501]
WARNING: [VRFC 10-3129] assignment to input 'wr_dv_ddr_hp3' [/wrk/ci/prod/2024.2/sw/continuous/3059/packages/customer/vivado/data/ip/xilinx/processing_system7_vip_v1_0/hdl/processing_system7_vip_v1_0_vl_rfs.sv:4519]
WARNING: [VRFC 10-3129] assignment to input 'ddr_wr_qos' [/wrk/ci/prod/2024.2/sw/continuous/3059/packages/customer/vivado/data/ip/xilinx/processing_system7_vip_v1_0/hdl/processing_system7_vip_v1_0_vl_rfs.sv:1253]
WARNING: [VRFC 10-3129] assignment to input 'ddr_rd_qos' [/wrk/ci/prod/2024.2/sw/continuous/3059/packages/customer/vivado/data/ip/xilinx/processing_system7_vip_v1_0/hdl/processing_system7_vip_v1_0_vl_rfs.sv:1276]
WARNING: [VRFC 10-3129] assignment to input 'ddr_wr_qos' [/wrk/ci/prod/2024.2/sw/continuous/3059/packages/customer/vivado/data/ip/xilinx/processing_system7_vip_v1_0/hdl/processing_system7_vip_v1_0_vl_rfs.sv:1091]
WARNING: [VRFC 10-3129] assignment to input 'ddr_rd_qos' [/wrk/ci/prod/2024.2/sw/continuous/3059/packages/customer/vivado/data/ip/xilinx/processing_system7_vip_v1_0/hdl/processing_system7_vip_v1_0_vl_rfs.sv:1115]
WARNING: [VRFC 10-3027] 'ocm_wr_strb_port0' was previously declared with a different range [/wrk/ci/prod/2024.2/sw/continuous/3059/packages/customer/vivado/data/ip/xilinx/processing_system7_vip_v1_0/hdl/processing_system7_vip_v1_0_vl_rfs.sv:3809]
WARNING: [VRFC 10-3705] select index 64 into 'wrp_strb' is out of bounds [/wrk/ci/prod/2024.2/sw/continuous/3059/packages/customer/vivado/data/ip/xilinx/processing_system7_vip_v1_0/hdl/processing_system7_vip_v1_0_vl_rfs.sv:6134]
WARNING: [VRFC 10-3705] select index 128 into 'wrp_strb' is out of bounds [/wrk/ci/prod/2024.2/sw/continuous/3059/packages/customer/vivado/data/ip/xilinx/processing_system7_vip_v1_0/hdl/processing_system7_vip_v1_0_vl_rfs.sv:10898]
WARNING: [VRFC 10-3705] select index 128 into 'wrp_strb' is out of bounds [/wrk/ci/prod/2024.2/sw/continuous/3059/packages/customer/vivado/data/ip/xilinx/processing_system7_vip_v1_0/hdl/processing_system7_vip_v1_0_vl_rfs.sv:7772]
WARNING: [VRFC 10-3705] select index 4 into 'wr_fifo_rd_ptr' is out of bounds [/wrk/ci/prod/2024.2/sw/continuous/3059/packages/customer/vivado/data/ip/xilinx/processing_system7_vip_v1_0/hdl/processing_system7_vip_v1_0_vl_rfs.sv:7985]
WARNING: [VRFC 10-3705] select index 4 into 'ar_cnt' is out of bounds [/wrk/ci/prod/2024.2/sw/continuous/3059/packages/customer/vivado/data/ip/xilinx/processing_system7_vip_v1_0/hdl/processing_system7_vip_v1_0_vl_rfs.sv:8124]
WARNING: [VRFC 10-3705] select index 4 into 'wr_rresp_cnt' is out of bounds [/wrk/ci/prod/2024.2/sw/continuous/3059/packages/customer/vivado/data/ip/xilinx/processing_system7_vip_v1_0/hdl/processing_system7_vip_v1_0_vl_rfs.sv:8221]
WARNING: [VRFC 10-3705] select index 4 into 'rd_fifo_wr_ptr' is out of bounds [/wrk/ci/prod/2024.2/sw/continuous/3059/packages/customer/vivado/data/ip/xilinx/processing_system7_vip_v1_0/hdl/processing_system7_vip_v1_0_vl_rfs.sv:8240]
WARNING: [VRFC 10-3705] select index 4 into 'rd_cnt' is out of bounds [/wrk/ci/prod/2024.2/sw/continuous/3059/packages/customer/vivado/data/ip/xilinx/processing_system7_vip_v1_0/hdl/processing_system7_vip_v1_0_vl_rfs.sv:8381]
WARNING: [VRFC 10-3705] select index 4 into 'rresp_time_cnt' is out of bounds [/wrk/ci/prod/2024.2/sw/continuous/3059/packages/customer/vivado/data/ip/xilinx/processing_system7_vip_v1_0/hdl/processing_system7_vip_v1_0_vl_rfs.sv:8386]
WARNING: [VRFC 10-3705] select index 4 into 'rd_fifo_rd_ptr' is out of bounds [/wrk/ci/prod/2024.2/sw/continuous/3059/packages/customer/vivado/data/ip/xilinx/processing_system7_vip_v1_0/hdl/processing_system7_vip_v1_0_vl_rfs.sv:8391]
Completed static elaboration
Starting simulation data flow analysis
Completed simulation data flow analysis
Time Resolution for simulation is 1ps
Compiling package std.standard
Compiling package std.textio
Compiling package ieee.std_logic_1164
Compiling package ieee.numeric_std
Compiling package cordic_v6_0_23.cordic_v6_0_23_viv_comp
Compiling package xbip_utils_v3_0_14.xbip_utils_v3_0_14_pkg
Compiling package xbip_pipe_v3_0_10.xbip_pipe_v3_0_10_viv_comp
Compiling package axi_utils_v2_0_10.axi_utils_v2_0_10_pkg
Compiling package ieee.math_real
Compiling package axi_utils_v2_0_10.global_util_pkg
Compiling package axi_utils_v2_0_10.axi_utils_comps
Compiling package mult_gen_v12_0_22.mult_gen_v12_0_22_pkg
Compiling package ieee.std_logic_arith
Compiling package ieee.std_logic_signed
Compiling package cordic_v6_0_23.cordic_pack
Compiling package cordic_v6_0_23.cordic_hdl_comps
Compiling package c_addsub_v12_0_19.c_addsub_v12_0_19_viv_comp
Compiling package c_addsub_v12_0_19.c_addsub_v12_0_19_pkg
Compiling package c_addsub_v12_0_19.c_addsub_v12_0_19_pkg_legacy
Compiling package c_reg_fd_v12_0_10.c_reg_fd_v12_0_10_viv_comp
Compiling package unisim.vcomponents
Compiling package fir_compiler_v7_2_23.fir_compiler_v7_2_23_viv_comp
Compiling package ieee.std_logic_textio
Compiling package fir_compiler_v7_2_23.globals_pkg
Compiling package fir_compiler_v7_2_23.components
Compiling package ieee.vital_timing
Compiling package ieee.vital_primitives
Compiling package unisim.vpkg
Compiling package cic_compiler_v4_0_20.cic_compiler_v4_0_20_viv_comp
Compiling package cic_compiler_v4_0_20.toolbox_pkg
Compiling package cic_compiler_v4_0_20.cic_compiler_v4_0_20_pkg
Compiling package cic_compiler_v4_0_20.cic_compiler_v4_0_20_hdl_comps
Compiling package mult_gen_v12_0_22.mult_gen_v12_0_22_viv_comp
Compiling package ieee.std_logic_unsigned
Compiling package synopsys.attributes
Compiling package ieee.std_logic_misc
Compiling package axi_lite_ipif_v3_0_4.ipif_pkg
Compiling package smartconnect_v1_0.sc_util_v1_0_4_pkg
Compiling package xilinx_vip.axi_vip_pkg
Compiling package xilinx_vip.xil_common_vip_pkg
Compiling package std.std
Compiling module xil_defaultlib.MY_DDS(PHASE_WIDTH=24)
Compiling module xil_defaultlib.ADC_3PA1030
Compiling module xil_defaultlib.design_1_ADC_3PA1030_0_1
Compiling architecture synth of entity xbip_pipe_v3_0_10.xbip_pipe_v3_0_10_viv [\xbip_pipe_v3_0_10_viv(c_latency...]
Compiling architecture synth of entity xbip_pipe_v3_0_10.xbip_pipe_v3_0_10_viv [\xbip_pipe_v3_0_10_viv(c_latency...]
Compiling architecture structural of entity c_reg_fd_v12_0_10.c_reg_fd_v12_0_10_viv [\c_reg_fd_v12_0_10_viv(c_width=2...]
Compiling architecture muxcy_v of entity unisim.MUXCY [muxcy_default]
Compiling architecture xorcy_v of entity unisim.XORCY [xorcy_default]
Compiling architecture rtl of entity c_addsub_v12_0_19.c_addsub_v12_0_19_lut6_legacy [\c_addsub_v12_0_19_lut6_legacy(c...]
Compiling architecture synth of entity c_addsub_v12_0_19.c_addsub_v12_0_19_fabric_legacy [\c_addsub_v12_0_19_fabric_legacy...]
Compiling architecture synth of entity c_addsub_v12_0_19.c_addsub_v12_0_19_legacy [\c_addsub_v12_0_19_legacy(c_fami...]
Compiling architecture synth of entity c_addsub_v12_0_19.c_addsub_v12_0_19_viv [\c_addsub_v12_0_19_viv(c_xdevice...]
Compiling architecture synth of entity cordic_v6_0_23.addsub [\addsub(family="zynq",add_mode=1...]
Compiling architecture rtl of entity c_addsub_v12_0_19.c_addsub_v12_0_19_lut6_legacy [\c_addsub_v12_0_19_lut6_legacy(c...]
Compiling architecture synth of entity c_addsub_v12_0_19.c_addsub_v12_0_19_fabric_legacy [\c_addsub_v12_0_19_fabric_legacy...]
Compiling architecture synth of entity c_addsub_v12_0_19.c_addsub_v12_0_19_legacy [\c_addsub_v12_0_19_legacy(c_fami...]
Compiling architecture synth of entity c_addsub_v12_0_19.c_addsub_v12_0_19_viv [\c_addsub_v12_0_19_viv(c_xdevice...]
Compiling architecture synth of entity cordic_v6_0_23.addsub [\addsub(family="zynq",add_mode=0...]
Compiling architecture struct_all of entity cordic_v6_0_23.delay [\delay(delay_len=1,family="zynq"...]
Compiling architecture structural of entity c_reg_fd_v12_0_10.c_reg_fd_v12_0_10_viv [\c_reg_fd_v12_0_10_viv(c_width=2...]
Compiling architecture rtl of entity c_addsub_v12_0_19.c_addsub_v12_0_19_lut6_legacy [\c_addsub_v12_0_19_lut6_legacy(c...]
Compiling architecture synth of entity c_addsub_v12_0_19.c_addsub_v12_0_19_fabric_legacy [\c_addsub_v12_0_19_fabric_legacy...]
Compiling architecture synth of entity c_addsub_v12_0_19.c_addsub_v12_0_19_legacy [\c_addsub_v12_0_19_legacy(c_fami...]
Compiling architecture synth of entity c_addsub_v12_0_19.c_addsub_v12_0_19_viv [\c_addsub_v12_0_19_viv(c_xdevice...]
Compiling architecture synth of entity cordic_v6_0_23.addsub [\addsub(family="zynq",add_mode=2...]
Compiling architecture struct_all of entity cordic_v6_0_23.delay [\delay(delay_len=1,family="zynq"...]
Compiling architecture struct_all of entity cordic_v6_0_23.delay_bit [\delay_bit(delay_len=2,family="z...]
Compiling architecture synth of entity cordic_v6_0_23.cordic_inp_config [\cordic_inp_config(p_xdevicefami...]
Compiling architecture synth of entity cordic_v6_0_23.cordic_dat_acc_slice_par [\cordic_dat_acc_slice_par(p_xdev...]
Compiling architecture synth of entity cordic_v6_0_23.cordic_pha_acc_slice_par [\cordic_pha_acc_slice_par(p_xdev...]
Compiling architecture struct_all of entity cordic_v6_0_23.delay [\delay(delay_len=1,family="zynq"...]
Compiling architecture struct_all of entity cordic_v6_0_23.delay_bit [\delay_bit(delay_len=1,family="z...]
Compiling architecture synth of entity cordic_v6_0_23.cordic_ctrl_slice_par [\cordic_ctrl_slice_par(p_xdevice...]
Compiling architecture synth of entity cordic_v6_0_23.cordic_eng_slice_par [\cordic_eng_slice_par(p_xdevicef...]
Compiling architecture synth of entity cordic_v6_0_23.cordic_dat_acc_slice_par [\cordic_dat_acc_slice_par(p_xdev...]
Compiling architecture synth of entity cordic_v6_0_23.cordic_eng_slice_par [\cordic_eng_slice_par(p_xdevicef...]
Compiling architecture synth of entity cordic_v6_0_23.cordic_dat_acc_slice_par [\cordic_dat_acc_slice_par(p_xdev...]
Compiling architecture synth of entity cordic_v6_0_23.cordic_eng_slice_par [\cordic_eng_slice_par(p_xdevicef...]
Compiling architecture synth of entity cordic_v6_0_23.cordic_dat_acc_slice_par [\cordic_dat_acc_slice_par(p_xdev...]
Compiling architecture synth of entity cordic_v6_0_23.cordic_eng_slice_par [\cordic_eng_slice_par(p_xdevicef...]
Compiling architecture synth of entity cordic_v6_0_23.cordic_dat_acc_slice_par [\cordic_dat_acc_slice_par(p_xdev...]
Compiling architecture synth of entity cordic_v6_0_23.cordic_eng_slice_par [\cordic_eng_slice_par(p_xdevicef...]
Compiling architecture synth of entity cordic_v6_0_23.cordic_dat_acc_slice_par [\cordic_dat_acc_slice_par(p_xdev...]
Compiling architecture synth of entity cordic_v6_0_23.cordic_eng_slice_par [\cordic_eng_slice_par(p_xdevicef...]
Compiling architecture synth of entity cordic_v6_0_23.cordic_dat_acc_slice_par [\cordic_dat_acc_slice_par(p_xdev...]
Compiling architecture synth of entity cordic_v6_0_23.cordic_eng_slice_par [\cordic_eng_slice_par(p_xdevicef...]
Compiling architecture synth of entity cordic_v6_0_23.cordic_dat_acc_slice_par [\cordic_dat_acc_slice_par(p_xdev...]
Compiling architecture synth of entity cordic_v6_0_23.cordic_eng_slice_par [\cordic_eng_slice_par(p_xdevicef...]
Compiling architecture synth of entity cordic_v6_0_23.cordic_dat_acc_slice_par [\cordic_dat_acc_slice_par(p_xdev...]
Compiling architecture synth of entity cordic_v6_0_23.cordic_eng_slice_par [\cordic_eng_slice_par(p_xdevicef...]
Compiling architecture synth of entity cordic_v6_0_23.cordic_dat_acc_slice_par [\cordic_dat_acc_slice_par(p_xdev...]
Compiling architecture synth of entity cordic_v6_0_23.cordic_eng_slice_par [\cordic_eng_slice_par(p_xdevicef...]
Compiling architecture synth of entity cordic_v6_0_23.cordic_dat_acc_slice_par [\cordic_dat_acc_slice_par(p_xdev...]
Compiling architecture synth of entity cordic_v6_0_23.cordic_eng_slice_par [\cordic_eng_slice_par(p_xdevicef...]
Compiling architecture synth of entity cordic_v6_0_23.cordic_dat_acc_slice_par [\cordic_dat_acc_slice_par(p_xdev...]
Compiling architecture synth of entity cordic_v6_0_23.cordic_eng_slice_par [\cordic_eng_slice_par(p_xdevicef...]
Compiling architecture synth of entity cordic_v6_0_23.cordic_dat_acc_slice_par [\cordic_dat_acc_slice_par(p_xdev...]
Compiling architecture synth of entity cordic_v6_0_23.cordic_eng_slice_par [\cordic_eng_slice_par(p_xdevicef...]
Compiling architecture synth of entity cordic_v6_0_23.cordic_dat_acc_slice_par [\cordic_dat_acc_slice_par(p_xdev...]
Compiling architecture synth of entity cordic_v6_0_23.cordic_eng_slice_par [\cordic_eng_slice_par(p_xdevicef...]
Compiling architecture synth of entity cordic_v6_0_23.cordic_eng [\cordic_eng(p_xdevicefamily="zyn...]
Compiling architecture struct_all of entity cordic_v6_0_23.delay [\delay(delay_len=2,family="zynq"...]
Compiling architecture struct_all of entity cordic_v6_0_23.delay [\delay(delay_len=1,family="zynq"...]
Compiling architecture synth of entity cordic_v6_0_23.cordic_round [\cordic_round(p_xdevicefamily="z...]
Compiling architecture struct_all of entity cordic_v6_0_23.delay_bit [\delay_bit(delay_len=0,family="z...]
Compiling architecture synth of entity cordic_v6_0_23.cordic_out_config [\cordic_out_config(p_xdevicefami...]
Compiling architecture synth of entity cordic_v6_0_23.cordic_v6_0_23_synth [\cordic_v6_0_23_synth(c_architec...]
Compiling architecture synth of entity cordic_v6_0_23.cordic_v6_0_23_viv [\cordic_v6_0_23_viv(c_architectu...]
Compiling architecture xilinx of entity cordic_v6_0_23.cordic_v6_0_23 [\cordic_v6_0_23(c_architecture=2...]
Compiling architecture cordic_ask_arch of entity xil_defaultlib.cordic_ask [cordic_ask_default]
Compiling module xil_defaultlib.ASK_DM
Compiling module xil_defaultlib.design_1_ASK_DM_0_2
Compiling module unisims_ver.ODDR(DDR_CLK_EDGE="SAME_EDGE")
Compiling module xil_defaultlib.DAC_904
Compiling module xil_defaultlib.design_1_DAC_904_0_0
Compiling architecture synth of entity xbip_pipe_v3_0_10.xbip_pipe_v3_0_10_viv [\xbip_pipe_v3_0_10_viv(c_latency...]
Compiling architecture structural of entity c_reg_fd_v12_0_10.c_reg_fd_v12_0_10_viv [\c_reg_fd_v12_0_10_viv(c_width=2...]
Compiling architecture rtl of entity c_addsub_v12_0_19.c_addsub_v12_0_19_lut6_legacy [\c_addsub_v12_0_19_lut6_legacy(c...]
Compiling architecture synth of entity c_addsub_v12_0_19.c_addsub_v12_0_19_fabric_legacy [\c_addsub_v12_0_19_fabric_legacy...]
Compiling architecture synth of entity c_addsub_v12_0_19.c_addsub_v12_0_19_legacy [\c_addsub_v12_0_19_legacy(c_fami...]
Compiling architecture synth of entity c_addsub_v12_0_19.c_addsub_v12_0_19_viv [\c_addsub_v12_0_19_viv(c_xdevice...]
Compiling architecture synth of entity cordic_v6_0_23.addsub [\addsub(family="zynq",add_mode=1...]
Compiling architecture rtl of entity c_addsub_v12_0_19.c_addsub_v12_0_19_lut6_legacy [\c_addsub_v12_0_19_lut6_legacy(c...]
Compiling architecture synth of entity c_addsub_v12_0_19.c_addsub_v12_0_19_fabric_legacy [\c_addsub_v12_0_19_fabric_legacy...]
Compiling architecture synth of entity c_addsub_v12_0_19.c_addsub_v12_0_19_legacy [\c_addsub_v12_0_19_legacy(c_fami...]
Compiling architecture synth of entity c_addsub_v12_0_19.c_addsub_v12_0_19_viv [\c_addsub_v12_0_19_viv(c_xdevice...]
Compiling architecture synth of entity cordic_v6_0_23.addsub [\addsub(family="zynq",add_mode=0...]
Compiling architecture structural of entity c_reg_fd_v12_0_10.c_reg_fd_v12_0_10_viv [\c_reg_fd_v12_0_10_viv(c_width=2...]
Compiling architecture rtl of entity c_addsub_v12_0_19.c_addsub_v12_0_19_lut6_legacy [\c_addsub_v12_0_19_lut6_legacy(c...]
Compiling architecture synth of entity c_addsub_v12_0_19.c_addsub_v12_0_19_fabric_legacy [\c_addsub_v12_0_19_fabric_legacy...]
Compiling architecture synth of entity c_addsub_v12_0_19.c_addsub_v12_0_19_legacy [\c_addsub_v12_0_19_legacy(c_fami...]
Compiling architecture synth of entity c_addsub_v12_0_19.c_addsub_v12_0_19_viv [\c_addsub_v12_0_19_viv(c_xdevice...]
Compiling architecture synth of entity cordic_v6_0_23.addsub [\addsub(family="zynq",add_mode=2...]
Compiling architecture struct_all of entity cordic_v6_0_23.delay_bit [\delay_bit(delay_len=2,family="z...]
Compiling architecture synth of entity cordic_v6_0_23.cordic_inp_config [\cordic_inp_config(p_xdevicefami...]
Compiling architecture synth of entity cordic_v6_0_23.cordic_dat_acc_slice_par [\cordic_dat_acc_slice_par(p_xdev...]
Compiling architecture synth of entity cordic_v6_0_23.cordic_pha_acc_slice_par [\cordic_pha_acc_slice_par(p_xdev...]
Compiling architecture synth of entity cordic_v6_0_23.cordic_ctrl_slice_par [\cordic_ctrl_slice_par(p_xdevice...]
Compiling architecture synth of entity cordic_v6_0_23.cordic_eng_slice_par [\cordic_eng_slice_par(p_xdevicef...]
Compiling architecture synth of entity cordic_v6_0_23.cordic_dat_acc_slice_par [\cordic_dat_acc_slice_par(p_xdev...]
Compiling architecture synth of entity cordic_v6_0_23.cordic_eng_slice_par [\cordic_eng_slice_par(p_xdevicef...]
Compiling architecture synth of entity cordic_v6_0_23.cordic_dat_acc_slice_par [\cordic_dat_acc_slice_par(p_xdev...]
Compiling architecture synth of entity cordic_v6_0_23.cordic_eng_slice_par [\cordic_eng_slice_par(p_xdevicef...]
Compiling architecture synth of entity cordic_v6_0_23.cordic_dat_acc_slice_par [\cordic_dat_acc_slice_par(p_xdev...]
Compiling architecture synth of entity cordic_v6_0_23.cordic_eng_slice_par [\cordic_eng_slice_par(p_xdevicef...]
Compiling architecture synth of entity cordic_v6_0_23.cordic_dat_acc_slice_par [\cordic_dat_acc_slice_par(p_xdev...]
Compiling architecture synth of entity cordic_v6_0_23.cordic_eng_slice_par [\cordic_eng_slice_par(p_xdevicef...]
Compiling architecture synth of entity cordic_v6_0_23.cordic_dat_acc_slice_par [\cordic_dat_acc_slice_par(p_xdev...]
Compiling architecture synth of entity cordic_v6_0_23.cordic_eng_slice_par [\cordic_eng_slice_par(p_xdevicef...]
Compiling architecture synth of entity cordic_v6_0_23.cordic_dat_acc_slice_par [\cordic_dat_acc_slice_par(p_xdev...]
Compiling architecture synth of entity cordic_v6_0_23.cordic_eng_slice_par [\cordic_eng_slice_par(p_xdevicef...]
Compiling architecture synth of entity cordic_v6_0_23.cordic_dat_acc_slice_par [\cordic_dat_acc_slice_par(p_xdev...]
Compiling architecture synth of entity cordic_v6_0_23.cordic_eng_slice_par [\cordic_eng_slice_par(p_xdevicef...]
Compiling architecture synth of entity cordic_v6_0_23.cordic_dat_acc_slice_par [\cordic_dat_acc_slice_par(p_xdev...]
Compiling architecture synth of entity cordic_v6_0_23.cordic_eng_slice_par [\cordic_eng_slice_par(p_xdevicef...]
Compiling architecture synth of entity cordic_v6_0_23.cordic_dat_acc_slice_par [\cordic_dat_acc_slice_par(p_xdev...]
Compiling architecture synth of entity cordic_v6_0_23.cordic_eng_slice_par [\cordic_eng_slice_par(p_xdevicef...]
Compiling architecture synth of entity cordic_v6_0_23.cordic_dat_acc_slice_par [\cordic_dat_acc_slice_par(p_xdev...]
Compiling architecture synth of entity cordic_v6_0_23.cordic_eng_slice_par [\cordic_eng_slice_par(p_xdevicef...]
Compiling architecture synth of entity cordic_v6_0_23.cordic_dat_acc_slice_par [\cordic_dat_acc_slice_par(p_xdev...]
Compiling architecture synth of entity cordic_v6_0_23.cordic_eng_slice_par [\cordic_eng_slice_par(p_xdevicef...]
Compiling architecture synth of entity cordic_v6_0_23.cordic_dat_acc_slice_par [\cordic_dat_acc_slice_par(p_xdev...]
Compiling architecture synth of entity cordic_v6_0_23.cordic_eng_slice_par [\cordic_eng_slice_par(p_xdevicef...]
Compiling architecture synth of entity cordic_v6_0_23.cordic_dat_acc_slice_par [\cordic_dat_acc_slice_par(p_xdev...]
Compiling architecture synth of entity cordic_v6_0_23.cordic_eng_slice_par [\cordic_eng_slice_par(p_xdevicef...]
Compiling architecture synth of entity cordic_v6_0_23.cordic_eng [\cordic_eng(p_xdevicefamily="zyn...]
Compiling architecture synth of entity cordic_v6_0_23.cordic_round [\cordic_round(p_xdevicefamily="z...]
Compiling architecture struct_all of entity cordic_v6_0_23.delay_bit [\delay_bit(delay_len=0,family="z...]
Compiling architecture synth of entity cordic_v6_0_23.cordic_out_config [\cordic_out_config(p_xdevicefami...]
Compiling architecture synth of entity cordic_v6_0_23.cordic_v6_0_23_synth [\cordic_v6_0_23_synth(c_architec...]
Compiling architecture synth of entity cordic_v6_0_23.cordic_v6_0_23_viv [\cordic_v6_0_23_viv(c_architectu...]
Compiling architecture xilinx of entity cordic_v6_0_23.cordic_v6_0_23 [\cordic_v6_0_23(c_architecture=2...]
Compiling architecture cordic_atan4_arch of entity xil_defaultlib.cordic_atan4 [cordic_atan4_default]
Compiling module xil_defaultlib.phase_unwrap
Compiling module xil_defaultlib.phase_differentiator
Compiling architecture xilinx of entity axi_utils_v2_0_10.glb_srl_fifo [\glb_srl_fifo(width=16,has_ifx=t...]
Compiling architecture xilinx of entity axi_utils_v2_0_10.glb_ifx_slave [\glb_ifx_slave(width=16,has_ifx=...]
Compiling architecture synth of entity fir_compiler_v7_2_23.cntrl_delay [\cntrl_delay(c_delay_len=0,c_mem...]
Compiling architecture synth of entity fir_compiler_v7_2_23.sp_mem [\sp_mem(c_xdevicefamily="zynq",c...]
Compiling architecture synth of entity fir_compiler_v7_2_23.sp_mem [\sp_mem(c_xdevicefamily="zynq",c...]
Compiling architecture synth of entity fir_compiler_v7_2_23.filt_mem [\filt_mem(c_xdevicefamily="zynq"...]
Compiling architecture synth of entity fir_compiler_v7_2_23.sp_mem [\sp_mem(c_xdevicefamily="zynq",c...]
Compiling architecture synth of entity fir_compiler_v7_2_23.sp_mem [\sp_mem(c_xdevicefamily="zynq",c...]
Compiling architecture synth of entity fir_compiler_v7_2_23.filt_mem [\filt_mem(c_xdevicefamily="zynq"...]
Compiling architecture synth of entity fir_compiler_v7_2_23.sp_mem [\sp_mem(c_xdevicefamily="zynq",c...]
Compiling architecture synth of entity fir_compiler_v7_2_23.sp_mem [\sp_mem(c_xdevicefamily="zynq",c...]
Compiling architecture synth of entity fir_compiler_v7_2_23.filt_mem [\filt_mem(c_xdevicefamily="zynq"...]
Compiling architecture synth of entity fir_compiler_v7_2_23.sp_mem [\sp_mem(c_xdevicefamily="zynq",c...]
Compiling architecture synth of entity fir_compiler_v7_2_23.sp_mem [\sp_mem(c_xdevicefamily="zynq",c...]
Compiling architecture synth of entity fir_compiler_v7_2_23.filt_mem [\filt_mem(c_xdevicefamily="zynq"...]
Compiling architecture synth of entity fir_compiler_v7_2_23.sp_mem [\sp_mem(c_xdevicefamily="zynq",c...]
Compiling architecture synth of entity fir_compiler_v7_2_23.sp_mem [\sp_mem(c_xdevicefamily="zynq",c...]
Compiling architecture synth of entity fir_compiler_v7_2_23.filt_mem [\filt_mem(c_xdevicefamily="zynq"...]
Compiling architecture synth of entity fir_compiler_v7_2_23.sp_mem [\sp_mem(c_xdevicefamily="zynq",c...]
Compiling architecture synth of entity fir_compiler_v7_2_23.sp_mem [\sp_mem(c_xdevicefamily="zynq",c...]
Compiling architecture synth of entity fir_compiler_v7_2_23.filt_mem [\filt_mem(c_xdevicefamily="zynq"...]
Compiling architecture synth of entity fir_compiler_v7_2_23.sp_mem [\sp_mem(c_xdevicefamily="zynq",c...]
Compiling architecture synth of entity fir_compiler_v7_2_23.sp_mem [\sp_mem(c_xdevicefamily="zynq",c...]
Compiling architecture synth of entity fir_compiler_v7_2_23.filt_mem [\filt_mem(c_xdevicefamily="zynq"...]
Compiling architecture synth of entity fir_compiler_v7_2_23.sp_mem [\sp_mem(c_xdevicefamily="zynq",c...]
Compiling architecture synth of entity fir_compiler_v7_2_23.sp_mem [\sp_mem(c_xdevicefamily="zynq",c...]
Compiling architecture synth of entity fir_compiler_v7_2_23.filt_mem [\filt_mem(c_xdevicefamily="zynq"...]
Compiling architecture synth of entity fir_compiler_v7_2_23.sp_mem [\sp_mem(c_xdevicefamily="zynq",c...]
Compiling architecture synth of entity fir_compiler_v7_2_23.sp_mem [\sp_mem(c_xdevicefamily="zynq",c...]
Compiling architecture synth of entity fir_compiler_v7_2_23.filt_mem [\filt_mem(c_xdevicefamily="zynq"...]
Compiling architecture synth of entity fir_compiler_v7_2_23.sp_mem [\sp_mem(c_xdevicefamily="zynq",c...]
Compiling architecture synth of entity fir_compiler_v7_2_23.sp_mem [\sp_mem(c_xdevicefamily="zynq",c...]
Compiling architecture synth of entity fir_compiler_v7_2_23.filt_mem [\filt_mem(c_xdevicefamily="zynq"...]
Compiling architecture synth of entity fir_compiler_v7_2_23.sp_mem [\sp_mem(c_xdevicefamily="zynq",c...]
Compiling architecture synth of entity fir_compiler_v7_2_23.sp_mem [\sp_mem(c_xdevicefamily="zynq",c...]
Compiling architecture synth of entity fir_compiler_v7_2_23.filt_mem [\filt_mem(c_xdevicefamily="zynq"...]
Compiling architecture synth of entity fir_compiler_v7_2_23.sp_mem [\sp_mem(c_xdevicefamily="zynq",c...]
Compiling architecture synth of entity fir_compiler_v7_2_23.sp_mem [\sp_mem(c_xdevicefamily="zynq",c...]
Compiling architecture synth of entity fir_compiler_v7_2_23.filt_mem [\filt_mem(c_xdevicefamily="zynq"...]
Compiling architecture synth of entity fir_compiler_v7_2_23.sp_mem [\sp_mem(c_xdevicefamily="zynq",c...]
Compiling architecture synth of entity fir_compiler_v7_2_23.sp_mem [\sp_mem(c_xdevicefamily="zynq",c...]
Compiling architecture synth of entity fir_compiler_v7_2_23.filt_mem [\filt_mem(c_xdevicefamily="zynq"...]
Compiling architecture synth of entity fir_compiler_v7_2_23.buff [\buff(c_xdevicefamily="zynq",c_d...]
Compiling architecture synth of entity fir_compiler_v7_2_23.delay [\delay(c_delay_len=25,c_xdevicef...]
Compiling architecture synth of entity fir_compiler_v7_2_23.delay [\delay(c_delay_len=24,c_xdevicef...]
Compiling architecture synth of entity fir_compiler_v7_2_23.delay [\delay(c_delay_len=23,c_xdevicef...]
Compiling architecture synth of entity fir_compiler_v7_2_23.delay [\delay(c_delay_len=22,c_xdevicef...]
Compiling architecture synth of entity fir_compiler_v7_2_23.delay [\delay(c_delay_len=21,c_xdevicef...]
Compiling architecture synth of entity fir_compiler_v7_2_23.delay [\delay(c_delay_len=20,c_xdevicef...]
Compiling architecture synth of entity fir_compiler_v7_2_23.delay [\delay(c_delay_len=19,c_xdevicef...]
Compiling architecture synth of entity fir_compiler_v7_2_23.delay [\delay(c_delay_len=18,c_xdevicef...]
Compiling architecture synth of entity fir_compiler_v7_2_23.delay [\delay(c_delay_len=17,c_xdevicef...]
Compiling architecture synth of entity fir_compiler_v7_2_23.delay [\delay(c_delay_len=16,c_xdevicef...]
Compiling architecture synth of entity fir_compiler_v7_2_23.delay [\delay(c_delay_len=15,c_xdevicef...]
Compiling architecture synth of entity fir_compiler_v7_2_23.delay [\delay(c_delay_len=14,c_xdevicef...]
Compiling architecture synth of entity fir_compiler_v7_2_23.delay [\delay(c_delay_len=13,c_xdevicef...]
Compiling architecture synth of entity fir_compiler_v7_2_23.delay [\delay(c_delay_len=12,c_xdevicef...]
Compiling architecture synth of entity fir_compiler_v7_2_23.delay [\delay(c_delay_len=11,c_xdevicef...]
Compiling architecture synth of entity fir_compiler_v7_2_23.delay [\delay(c_delay_len=10,c_xdevicef...]
Compiling architecture synth of entity fir_compiler_v7_2_23.delay [\delay(c_delay_len=9,c_xdevicefa...]
Compiling architecture synth of entity fir_compiler_v7_2_23.delay [\delay(c_delay_len=8,c_xdevicefa...]
Compiling architecture synth of entity fir_compiler_v7_2_23.delay [\delay(c_delay_len=7,c_xdevicefa...]
Compiling architecture synth of entity fir_compiler_v7_2_23.delay [\delay(c_delay_len=6,c_xdevicefa...]
Compiling architecture synth of entity fir_compiler_v7_2_23.delay [\delay(c_delay_len=5,c_xdevicefa...]
Compiling architecture synth of entity fir_compiler_v7_2_23.delay [\delay(c_delay_len=4,c_xdevicefa...]
Compiling architecture synth of entity fir_compiler_v7_2_23.delay [\delay(c_delay_len=3,c_xdevicefa...]
Compiling architecture synth of entity fir_compiler_v7_2_23.delay [\delay(c_delay_len=2,c_xdevicefa...]
Compiling architecture synth of entity fir_compiler_v7_2_23.delay [\delay(c_delay_len=0,c_xdevicefa...]
Compiling architecture synth of entity fir_compiler_v7_2_23.buff [\buff(c_xdevicefamily="zynq",c_d...]
Compiling architecture synth of entity fir_compiler_v7_2_23.delay [\delay(c_delay_len=0,c_xdevicefa...]
Compiling architecture dsp48e1_v of entity unisim.DSP48E1 [\DSP48E1(mask="11111111111111111...]
Compiling architecture synth of entity fir_compiler_v7_2_23.calc [\calc(c_xdevicefamily="zynq",c_p...]
Compiling architecture synth of entity fir_compiler_v7_2_23.addsub_mult_add [\addsub_mult_add(c_xdevicefamily...]
Compiling architecture synth of entity fir_compiler_v7_2_23.delay [\delay(c_delay_len=0,c_xdevicefa...]
Compiling architecture synth of entity fir_compiler_v7_2_23.addsub_mult_add [\addsub_mult_add(c_xdevicefamily...]
Compiling architecture synth of entity fir_compiler_v7_2_23.delay [\delay(c_delay_len=1,c_xdevicefa...]
Compiling architecture synth of entity fir_compiler_v7_2_23.delay [\delay(c_delay_len=1,c_xdevicefa...]
Compiling architecture synth of entity fir_compiler_v7_2_23.delay [\delay(c_delay_len=30,c_xdevicef...]
Compiling architecture synth of entity fir_compiler_v7_2_23.single_rate [\single_rate(c_xdevicefamily="zy...]
Compiling architecture synth of entity fir_compiler_v7_2_23.fir_compiler_v7_2_23_viv [\fir_compiler_v7_2_23_viv(c_xdev...]
Compiling architecture xilinx of entity fir_compiler_v7_2_23.fir_compiler_v7_2_23 [\fir_compiler_v7_2_23(c_xdevicef...]
Compiling architecture fir_lpf_fsk_arch of entity xil_defaultlib.fir_lpf_fsk [fir_lpf_fsk_default]
Compiling module xil_defaultlib.FSK_DM
Compiling module xil_defaultlib.design_1_FSK_DM_0_0
Compiling architecture struct_all of entity cic_compiler_v4_0_20.delay [\delay(delay_len=1,family=(p_dsp...]
Compiling architecture dsp48e1_v of entity unisim.DSP48E1 [\DSP48E1(adreg=0,dreg=0,inmodere...]
Compiling architecture struct_all of entity cic_compiler_v4_0_20.delay [\delay(delay_len=0,family=(p_dsp...]
Compiling architecture struct_all of entity cic_compiler_v4_0_20.delay [\delay(delay_len=0,family=(p_dsp...]
Compiling architecture struct_all of entity cic_compiler_v4_0_20.emb_calc [\emb_calc(param=((p_dsp48e1,fals...]
Compiling architecture struct_all of entity cic_compiler_v4_0_20.delay [\delay(delay_len=2,family=(p_dsp...]
Compiling architecture struct_all of entity cic_compiler_v4_0_20.delay_bit [\delay_bit(delay_len=0,family=(p...]
Compiling architecture struct_all of entity cic_compiler_v4_0_20.delay [\delay(delay_len=0,family=(p_dsp...]
Compiling architecture struct_all of entity cic_compiler_v4_0_20.delay_bit [\delay_bit(delay_len=2,family=(p...]
Compiling architecture struct_all of entity cic_compiler_v4_0_20.delay_bit [\delay_bit(delay_len=0,family=(p...]
Compiling architecture struct_all of entity cic_compiler_v4_0_20.delay [\delay(delay_len=0,family=(p_mul...]
Compiling architecture lut4_v of entity unisim.LUT4 [\LUT4(init="1111111111001010")(0...]
Compiling architecture fdre_v of entity unisim.FDRE [fdre_default]
Compiling architecture fdrse_v of entity unisim.FDRSE [fdrse_default]
Compiling architecture muxcy_l_v of entity unisim.MUXCY_L [muxcy_l_default]
Compiling architecture structural of entity cic_compiler_v4_0_20.add_sub [\add_sub(family=(p_mult18s,true,...]
Compiling architecture struct_all of entity cic_compiler_v4_0_20.delay [\delay(delay_len=1,family=(p_mul...]
Compiling architecture struct_all of entity cic_compiler_v4_0_20.delay [\delay(delay_len=1,family=(p_mul...]
Compiling architecture struct_all of entity cic_compiler_v4_0_20.delay [\delay(delay_len=1,family=(p_mul...]
Compiling architecture struct_all of entity cic_compiler_v4_0_20.delay [\delay(delay_len=1,family=(p_mul...]
Compiling architecture struct_all of entity cic_compiler_v4_0_20.delay_bit [\delay_bit(delay_len=1,family=(p...]
Compiling architecture struct_all of entity cic_compiler_v4_0_20.delay_bit [\delay_bit(delay_len=1,family=(p...]
Compiling architecture struct_all of entity cic_compiler_v4_0_20.emb_calc [\emb_calc(param=((p_mult18s,true...]
Compiling architecture struct_all of entity cic_compiler_v4_0_20.delay [\delay(delay_len=0,family=(p_dsp...]
Compiling architecture struct_all of entity cic_compiler_v4_0_20.delay [\delay(delay_len=2,family=(p_dsp...]
Compiling architecture struct_all of entity cic_compiler_v4_0_20.delay [\delay(delay_len=0,family=(p_dsp...]
Compiling architecture struct_all of entity cic_compiler_v4_0_20.delay_bit [\delay_bit(delay_len=4,family=(p...]
Compiling architecture synth of entity cic_compiler_v4_0_20.int_comb_stage_unfolded [\int_comb_stage_unfolded(c_int_o...]
Compiling architecture struct_all of entity cic_compiler_v4_0_20.delay [\delay(delay_len=0,family=(p_mul...]
Compiling architecture structural of entity cic_compiler_v4_0_20.add_sub [\add_sub(family=(p_mult18s,true,...]
Compiling architecture struct_all of entity cic_compiler_v4_0_20.delay [\delay(delay_len=1,family=(p_mul...]
Compiling architecture struct_all of entity cic_compiler_v4_0_20.emb_calc [\emb_calc(param=((p_mult18s,true...]
Compiling architecture struct_all of entity cic_compiler_v4_0_20.delay [\delay(delay_len=0,family=(p_dsp...]
Compiling architecture struct_all of entity cic_compiler_v4_0_20.delay [\delay(delay_len=2,family=(p_dsp...]
Compiling architecture struct_all of entity cic_compiler_v4_0_20.delay [\delay(delay_len=0,family=(p_dsp...]
Compiling architecture synth of entity cic_compiler_v4_0_20.int_comb_stage_unfolded [\int_comb_stage_unfolded(c_int_o...]
Compiling architecture struct_all of entity cic_compiler_v4_0_20.delay [\delay(delay_len=0,family=(p_mul...]
Compiling architecture structural of entity cic_compiler_v4_0_20.add_sub [\add_sub(family=(p_mult18s,true,...]
Compiling architecture struct_all of entity cic_compiler_v4_0_20.delay [\delay(delay_len=1,family=(p_mul...]
Compiling architecture struct_all of entity cic_compiler_v4_0_20.emb_calc [\emb_calc(param=((p_mult18s,true...]
Compiling architecture struct_all of entity cic_compiler_v4_0_20.delay [\delay(delay_len=0,family=(p_dsp...]
Compiling architecture struct_all of entity cic_compiler_v4_0_20.delay [\delay(delay_len=2,family=(p_dsp...]
Compiling architecture struct_all of entity cic_compiler_v4_0_20.delay [\delay(delay_len=0,family=(p_dsp...]
Compiling architecture synth of entity cic_compiler_v4_0_20.int_comb_stage_unfolded [\int_comb_stage_unfolded(c_int_o...]
Compiling architecture struct_all of entity cic_compiler_v4_0_20.emb_calc [\emb_calc(param=((p_dsp48e1,fals...]
Compiling architecture struct_all of entity cic_compiler_v4_0_20.delay [\delay(delay_len=0,family=(p_dsp...]
Compiling architecture synth of entity cic_compiler_v4_0_20.int_comb_stage_unfolded [\int_comb_stage_unfolded(c_int_o...]
Compiling architecture struct_all of entity cic_compiler_v4_0_20.emb_calc [\emb_calc(param=((p_dsp48e1,fals...]
Compiling architecture struct_all of entity cic_compiler_v4_0_20.delay [\delay(delay_len=0,family=(p_dsp...]
Compiling architecture synth of entity cic_compiler_v4_0_20.int_comb_stage_unfolded [\int_comb_stage_unfolded(c_int_o...]
Compiling architecture struct_all of entity cic_compiler_v4_0_20.emb_calc [\emb_calc(param=((p_dsp48e1,fals...]
Compiling architecture struct_all of entity cic_compiler_v4_0_20.delay [\delay(delay_len=0,family=(p_dsp...]
Compiling architecture struct_all of entity cic_compiler_v4_0_20.delay_bit [\delay_bit(delay_len=3,family=(p...]
Compiling architecture synth of entity cic_compiler_v4_0_20.int_comb_stage_unfolded [\int_comb_stage_unfolded(c_int_o...]
Compiling architecture synth of entity cic_compiler_v4_0_20.int_comb_section [\int_comb_section(c_int_or_comb=...]
Compiling architecture struct_all of entity cic_compiler_v4_0_20.delay_bit [\delay_bit(delay_len=1,family=(p...]
Compiling architecture struct_all of entity cic_compiler_v4_0_20.delay [\delay(delay_len=3,family=(p_dsp...]
Compiling architecture struct_all of entity cic_compiler_v4_0_20.delay [\delay(delay_len=1,family=(p_dsp...]
Compiling architecture struct_all of entity cic_compiler_v4_0_20.emb_calc [\emb_calc(param=((p_dsp48e1,fals...]
Compiling architecture struct_all of entity cic_compiler_v4_0_20.delay [\delay(delay_len=0,family=(p_dsp...]
Compiling architecture struct_all of entity cic_compiler_v4_0_20.delay [\delay(delay_len=4,family=(p_dsp...]
Compiling architecture struct_all of entity cic_compiler_v4_0_20.delay_bit [\delay_bit(delay_len=8,family=(p...]
Compiling architecture synth of entity cic_compiler_v4_0_20.int_comb_stage_folded [\int_comb_stage_folded(c_int_or_...]
Compiling architecture synth of entity cic_compiler_v4_0_20.int_comb_section [\int_comb_section(c_int_or_comb=...]
Compiling architecture synth of entity cic_compiler_v4_0_20.decimate [\decimate(c_num_stages=6,c_rate=...]
Compiling architecture synth of entity cic_compiler_v4_0_20.cic_compiler_v4_0_20_viv [\cic_compiler_v4_0_20_viv(c_comp...]
Compiling architecture xilinx of entity cic_compiler_v4_0_20.cic_compiler_v4_0_20 [\cic_compiler_v4_0_20(c_componen...]
Compiling architecture cic_compiler_iq_arch of entity xil_defaultlib.cic_compiler_iq [cic_compiler_iq_default]
Compiling module xil_defaultlib.IQ_DDC
Compiling module xil_defaultlib.design_1_IQ_DDC_0_0
Compiling architecture synth of entity fir_compiler_v7_2_23.single_rate [\single_rate(c_xdevicefamily="zy...]
Compiling architecture synth of entity fir_compiler_v7_2_23.fir_compiler_v7_2_23_viv [\fir_compiler_v7_2_23_viv(c_xdev...]
Compiling architecture xilinx of entity fir_compiler_v7_2_23.fir_compiler_v7_2_23 [\fir_compiler_v7_2_23(c_xdevicef...]
Compiling architecture fir_lpf_psk_arch of entity xil_defaultlib.fir_lpf_psk [fir_lpf_psk_default]
Compiling module xil_defaultlib.costas_loop
Compiling architecture lut2_v of entity unisim.LUT2 [\LUT2(init="1000")(0,3)\]
Compiling architecture mult_and_v of entity unisim.MULT_AND [mult_and_default]
Compiling architecture xilinx of entity mult_gen_v12_0_22.op_resize [\op_resize(ao_width=19,bo_width=...]
Compiling architecture xilinx of entity mult_gen_v12_0_22.luts [\luts(c_xdevicefamily="zynq",c_a...]
Compiling architecture xilinx of entity mult_gen_v12_0_22.mult_gen_v12_0_22_viv [\mult_gen_v12_0_22_viv(c_verbosi...]
Compiling architecture xilinx of entity mult_gen_v12_0_22.mult_gen_v12_0_22 [\mult_gen_v12_0_22(c_xdevicefami...]
Compiling architecture mult_gen_psk_arch of entity xil_defaultlib.mult_gen_psk [mult_gen_psk_default]
Compiling module xil_defaultlib.PSK_DM
Compiling module xil_defaultlib.design_1_PSK_DM_0_0
Compiling architecture imp of entity axi_lite_ipif_v3_0_4.pselect_f [\pselect_f(c_ab=2,c_aw=2,c_bar="...]
Compiling architecture imp of entity axi_lite_ipif_v3_0_4.pselect_f [\pselect_f(c_ab=2,c_aw=2,c_bar="...]
Compiling architecture imp of entity axi_lite_ipif_v3_0_4.pselect_f [\pselect_f(c_ab=2,c_aw=2,c_bar="...]
Compiling architecture imp of entity axi_lite_ipif_v3_0_4.pselect_f [\pselect_f(c_ab=2,c_aw=2,c_bar="...]
Compiling architecture imp of entity axi_lite_ipif_v3_0_4.address_decoder [\address_decoder(c_bus_awidth=9,...]
Compiling architecture imp of entity axi_lite_ipif_v3_0_4.slave_attachment [\slave_attachment(c_ard_addr_ran...]
Compiling architecture imp of entity axi_lite_ipif_v3_0_4.axi_lite_ipif [\axi_lite_ipif(c_s_axi_addr_widt...]
Compiling architecture fdr_v of entity unisim.FDR [fdr_default]
Compiling architecture implementation of entity lib_cdc_v1_0_3.cdc_sync [\cdc_sync(c_single_bit=0,c_vecto...]
Compiling architecture imp of entity axi_gpio_v2_0_35.GPIO_Core [\GPIO_Core(c_aw=9,c_gpio_width=1...]
Compiling architecture imp of entity axi_gpio_v2_0_35.axi_gpio [\axi_gpio(c_family="zynq",c_gpio...]
Compiling architecture design_1_axi_gpio_0_0_arch of entity xil_defaultlib.design_1_axi_gpio_0_0 [design_1_axi_gpio_0_0_default]
Compiling architecture implementation of entity lib_cdc_v1_0_3.cdc_sync [\cdc_sync(c_single_bit=0,c_mtbf_...]
Compiling architecture imp of entity axi_gpio_v2_0_35.GPIO_Core [\GPIO_Core(c_aw=9,c_gpio_width=1...]
Compiling architecture imp of entity axi_gpio_v2_0_35.axi_gpio [\axi_gpio(c_family="zynq",c_gpio...]
Compiling architecture design_1_axi_gpio_ask_0_0_arch of entity xil_defaultlib.design_1_axi_gpio_ask_0_0 [design_1_axi_gpio_ask_0_0_defaul...]
Compiling architecture imp of entity axi_gpio_v2_0_35.GPIO_Core [\GPIO_Core(c_aw=9,c_gpio_width=1...]
Compiling architecture imp of entity axi_gpio_v2_0_35.axi_gpio [\axi_gpio(c_family="zynq",c_gpio...]
Compiling architecture design_1_axi_gpio_0_1_arch of entity xil_defaultlib.design_1_axi_gpio_0_1 [design_1_axi_gpio_0_1_default]
Compiling architecture design_1_axi_gpio_ask_0_1_arch of entity xil_defaultlib.design_1_axi_gpio_ask_0_1 [design_1_axi_gpio_ask_0_1_defaul...]
Compiling architecture design_1_axi_gpio_ask_0_2_arch of entity xil_defaultlib.design_1_axi_gpio_ask_0_2 [design_1_axi_gpio_ask_0_2_defaul...]
Compiling architecture design_1_axi_gpio_0_2_arch of entity xil_defaultlib.design_1_axi_gpio_0_2 [design_1_axi_gpio_0_2_default]
Compiling architecture design_1_axi_gpio_ask_0_3_arch of entity xil_defaultlib.design_1_axi_gpio_ask_0_3 [design_1_axi_gpio_ask_0_3_defaul...]
Compiling module xlconstant_v1_1_9.xlconstant_v1_1_9_xlconstant(CON...
Compiling module xil_defaultlib.bd_6f02_one_0
Compiling architecture fdre_v of entity unisim.FDRE [\FDRE(init='1')\]
Compiling architecture implementation of entity lib_cdc_v1_0_3.cdc_sync [\cdc_sync(c_vector_width=2,c_mtb...]
Compiling architecture srl16e_v of entity unisim.SRL16E [\SRL16E(init="1111111111111111")...]
Compiling architecture srl16_v of entity unisim.SRL16 [\SRL16(init="1111111111111111")(...]
Compiling architecture imp of entity proc_sys_reset_v5_0_16.lpf [\lpf(c_ext_rst_width=4,c_aux_rst...]
Compiling architecture imp of entity proc_sys_reset_v5_0_16.upcnt_n [\upcnt_n(c_size=6)\]
Compiling architecture imp of entity proc_sys_reset_v5_0_16.sequence_psr [sequence_psr_default]
Compiling architecture imp of entity proc_sys_reset_v5_0_16.proc_sys_reset [\proc_sys_reset(c_family="zynq",...]
Compiling architecture bd_6f02_psr_aclk_0_arch of entity xil_defaultlib.bd_6f02_psr_aclk_0 [bd_6f02_psr_aclk_0_default]
Compiling module xil_defaultlib.clk_map_imp_19UC7HI
Compiling module xpm.xpm_cdc_async_rst(DEST_SYNC_FF=3...
Compiling module xil_defaultlib.bd_6f02_m00e_0
Compiling module xil_defaultlib.m00_exit_pipeline_imp_PYUQT9
Compiling module xil_defaultlib.bd_6f02_m00arn_0
Compiling module xil_defaultlib.bd_6f02_m00awn_0
Compiling module xil_defaultlib.bd_6f02_m00bn_0
Compiling module xil_defaultlib.bd_6f02_m00rn_0
Compiling module xil_defaultlib.bd_6f02_m00wn_0
Compiling module xil_defaultlib.m00_nodes_imp_3S6IOH
Compiling module xil_defaultlib.bd_6f02_m00s2a_0
Compiling module xil_defaultlib.bd_6f02_m01e_0
Compiling module xil_defaultlib.m01_exit_pipeline_imp_KQMHVH
Compiling module xil_defaultlib.bd_6f02_m01arn_0
Compiling module xil_defaultlib.bd_6f02_m01awn_0
Compiling module xil_defaultlib.bd_6f02_m01bn_0
Compiling module xil_defaultlib.bd_6f02_m01rn_0
Compiling module xil_defaultlib.bd_6f02_m01wn_0
Compiling module xil_defaultlib.m01_nodes_imp_1455NXJ
Compiling module xil_defaultlib.bd_6f02_m01s2a_0
Compiling module xil_defaultlib.bd_6f02_m02e_0
Compiling module xil_defaultlib.m02_exit_pipeline_imp_W4HJGD
Compiling module xil_defaultlib.bd_6f02_m02arn_0
Compiling module xil_defaultlib.bd_6f02_m02awn_0
Compiling module xil_defaultlib.bd_6f02_m02bn_0
Compiling module xil_defaultlib.bd_6f02_m02rn_0
Compiling module xil_defaultlib.bd_6f02_m02wn_0
Compiling module xil_defaultlib.m02_nodes_imp_1TPC058
Compiling module xil_defaultlib.bd_6f02_m02s2a_0
Compiling module xil_defaultlib.bd_6f02_m03e_0
Compiling module xil_defaultlib.m03_exit_pipeline_imp_S08D4T
Compiling module xil_defaultlib.bd_6f02_m03arn_0
Compiling module xil_defaultlib.bd_6f02_m03awn_0
Compiling module xil_defaultlib.bd_6f02_m03bn_0
Compiling module xil_defaultlib.bd_6f02_m03rn_0
Compiling module xil_defaultlib.bd_6f02_m03wn_0
Compiling module xil_defaultlib.m03_nodes_imp_VKC2X6
Compiling module xil_defaultlib.bd_6f02_m03s2a_0
Compiling module xil_defaultlib.bd_6f02_m04e_0
Compiling module xil_defaultlib.m04_exit_pipeline_imp_C4N5P
Compiling module xil_defaultlib.bd_6f02_m04arn_0
Compiling module xil_defaultlib.bd_6f02_m04awn_0
Compiling module xil_defaultlib.bd_6f02_m04bn_0
Compiling module xil_defaultlib.bd_6f02_m04rn_0
Compiling module xil_defaultlib.bd_6f02_m04wn_0
Compiling module xil_defaultlib.m04_nodes_imp_5KCFT6
Compiling module xil_defaultlib.bd_6f02_m04s2a_0
Compiling module xil_defaultlib.bd_6f02_m05e_0
Compiling module xil_defaultlib.m05_exit_pipeline_imp_64Y96L
Compiling module xil_defaultlib.bd_6f02_m05arn_0
Compiling module xil_defaultlib.bd_6f02_m05awn_0
Compiling module xil_defaultlib.bd_6f02_m05bn_0
Compiling module xil_defaultlib.bd_6f02_m05rn_0
Compiling module xil_defaultlib.bd_6f02_m05wn_0
Compiling module xil_defaultlib.m05_nodes_imp_120I54S
Compiling module xil_defaultlib.bd_6f02_m05s2a_0
Compiling module xil_defaultlib.bd_6f02_m06e_0
Compiling module xil_defaultlib.m06_exit_pipeline_imp_D5GAT9
Compiling module xil_defaultlib.bd_6f02_m06arn_0
Compiling module xil_defaultlib.bd_6f02_m06awn_0
Compiling module xil_defaultlib.bd_6f02_m06bn_0
Compiling module xil_defaultlib.bd_6f02_m06rn_0
Compiling module xil_defaultlib.bd_6f02_m06wn_0
Compiling module xil_defaultlib.m06_nodes_imp_1W2ZXRB
Compiling module xil_defaultlib.bd_6f02_m06s2a_0
Compiling module xil_defaultlib.bd_6f02_s00a2s_0
Compiling module xil_defaultlib.bd_6f02_s00mmu_0
Compiling module xil_defaultlib.bd_6f02_s00sic_0
Compiling module xil_defaultlib.bd_6f02_s00tr_0
Compiling module xil_defaultlib.s00_entry_pipeline_imp_1PSXOAM
Compiling module xil_defaultlib.bd_6f02_sarn_0
Compiling module xil_defaultlib.bd_6f02_sawn_0
Compiling module xil_defaultlib.bd_6f02_sbn_0
Compiling module xil_defaultlib.bd_6f02_srn_0
Compiling module xil_defaultlib.bd_6f02_swn_0
Compiling module xil_defaultlib.s00_nodes_imp_1KC0NQC
Compiling module xil_defaultlib.bd_6f02_arinsw_0
Compiling module xil_defaultlib.bd_6f02_aroutsw_0
Compiling module xil_defaultlib.bd_6f02_awinsw_0
Compiling module xil_defaultlib.bd_6f02_awoutsw_0
Compiling module xil_defaultlib.bd_6f02_binsw_0
Compiling module xil_defaultlib.bd_6f02_boutsw_0
Compiling module xil_defaultlib.bd_6f02_arni_0
Compiling module xil_defaultlib.bd_6f02_awni_0
Compiling module xil_defaultlib.bd_6f02_bni_0
Compiling module xil_defaultlib.bd_6f02_rni_0
Compiling module xil_defaultlib.bd_6f02_wni_0
Compiling module xil_defaultlib.i_nodes_imp_RZ93WO
Compiling module xil_defaultlib.bd_6f02_rinsw_0
Compiling module xil_defaultlib.bd_6f02_routsw_0
Compiling module xil_defaultlib.bd_6f02_winsw_0
Compiling module xil_defaultlib.bd_6f02_woutsw_0
Compiling module xil_defaultlib.switchboards_imp_18NKQB4
Compiling module xil_defaultlib.bd_6f02
Compiling module xil_defaultlib.design_1_axi_smc_1
Compiling module xil_defaultlib.data_select
Compiling module xil_defaultlib.design_1_data_select_0_0
Compiling module xil_defaultlib.design_1_ila_0_0
Compiling module processing_system7_vip_v1_0_21.processing_system7_vip_v1_0_21_g...
Compiling module processing_system7_vip_v1_0_21.processing_system7_vip_v1_0_21_g...
Compiling module processing_system7_vip_v1_0_21.processing_system7_vip_v1_0_21_a...
Compiling module processing_system7_vip_v1_0_21.processing_system7_vip_v1_0_21_a...
Compiling module processing_system7_vip_v1_0_21.processing_system7_vip_v1_0_21_f...
Compiling module processing_system7_vip_v1_0_21.processing_system7_vip_v1_0_21_a...
Compiling module processing_system7_vip_v1_0_21.processing_system7_vip_v1_0_21_a...
Compiling module processing_system7_vip_v1_0_21.processing_system7_vip_v1_0_21_a...
Compiling module processing_system7_vip_v1_0_21.processing_system7_vip_v1_0_21_a...
Compiling module processing_system7_vip_v1_0_21.processing_system7_vip_v1_0_21_s...
Compiling module processing_system7_vip_v1_0_21.processing_system7_vip_v1_0_21_i...
Compiling module processing_system7_vip_v1_0_21.processing_system7_vip_v1_0_21_s...
Compiling module processing_system7_vip_v1_0_21.processing_system7_vip_v1_0_21_d...
Compiling module processing_system7_vip_v1_0_21.processing_system7_vip_v1_0_21_o...
Compiling module processing_system7_vip_v1_0_21.processing_system7_vip_v1_0_21_o...
Compiling module processing_system7_vip_v1_0_21.processing_system7_vip_v1_0_21_r...
Compiling module processing_system7_vip_v1_0_21.processing_system7_vip_v1_0_21_r...
Compiling module xilinx_vip.axi_vip_axi4pc(WDATA_WIDTH=32,RD...
Compiling module xilinx_vip.cb
Compiling module xilinx_vip.axi_vip_if(C_AXI_PROTOCOL=1,C_AX...
Compiling module axi_vip_v1_1_19.axi_vip_v1_1_19_top(C_AXI_PROTOC...
Compiling module processing_system7_vip_v1_0_21.processing_system7_vip_v1_0_21_a...
Compiling module processing_system7_vip_v1_0_21.processing_system7_vip_v1_0_21_a...
Compiling module xilinx_vip.axi_vip_axi4pc(WDATA_WIDTH=32,RD...
Compiling module xilinx_vip.cb
Compiling module xilinx_vip.axi_vip_if(C_AXI_PROTOCOL=1,C_AX...
Compiling module axi_vip_v1_1_19.axi_vip_v1_1_19_top(C_AXI_PROTOC...
WARNING: [VRFC 10-3705] select index 64 into 'wrp_strb' is out of bounds [/wrk/ci/prod/2024.2/sw/continuous/3059/packages/customer/vivado/data/ip/xilinx/processing_system7_vip_v1_0/hdl/processing_system7_vip_v1_0_vl_rfs.sv:6134]
Compiling module processing_system7_vip_v1_0_21.processing_system7_vip_v1_0_21_a...
Compiling module processing_system7_vip_v1_0_21.processing_system7_vip_v1_0_21_a...
Compiling module xilinx_vip.axi_vip_axi4pc(PROTOCOL=1,RID_WI...
Compiling module xilinx_vip.cb
Compiling module xilinx_vip.axi_vip_if(C_AXI_PROTOCOL=1,C_AX...
Compiling module axi_vip_v1_1_19.axi_vip_v1_1_19_top(C_AXI_PROTOC...
Compiling module processing_system7_vip_v1_0_21.processing_system7_vip_v1_0_21_i...
WARNING: [VRFC 10-3705] select index 128 into 'wrp_strb' is out of bounds [/wrk/ci/prod/2024.2/sw/continuous/3059/packages/customer/vivado/data/ip/xilinx/processing_system7_vip_v1_0/hdl/processing_system7_vip_v1_0_vl_rfs.sv:10898]
Compiling module processing_system7_vip_v1_0_21.processing_system7_vip_v1_0_21_a...
Compiling module processing_system7_vip_v1_0_21.processing_system7_vip_v1_0_21_a...
Compiling module processing_system7_vip_v1_0_21.processing_system7_vip_v1_0_21_a...
Compiling module processing_system7_vip_v1_0_21.processing_system7_vip_v1_0_21_a...
Compiling module xilinx_vip.axi_vip_axi4pc(PROTOCOL=1,RID_WI...
Compiling module xilinx_vip.cb
Compiling module xilinx_vip.axi_vip_if(C_AXI_PROTOCOL=1,C_AX...
Compiling module axi_vip_v1_1_19.axi_vip_v1_1_19_top(C_AXI_PROTOC...
WARNING: [VRFC 10-3705] select index 128 into 'wrp_strb' is out of bounds [/wrk/ci/prod/2024.2/sw/continuous/3059/packages/customer/vivado/data/ip/xilinx/processing_system7_vip_v1_0/hdl/processing_system7_vip_v1_0_vl_rfs.sv:7772]
WARNING: [VRFC 10-3705] select index 4 into 'wr_fifo_rd_ptr' is out of bounds [/wrk/ci/prod/2024.2/sw/continuous/3059/packages/customer/vivado/data/ip/xilinx/processing_system7_vip_v1_0/hdl/processing_system7_vip_v1_0_vl_rfs.sv:7985]
WARNING: [VRFC 10-3705] select index 4 into 'ar_cnt' is out of bounds [/wrk/ci/prod/2024.2/sw/continuous/3059/packages/customer/vivado/data/ip/xilinx/processing_system7_vip_v1_0/hdl/processing_system7_vip_v1_0_vl_rfs.sv:8124]
WARNING: [VRFC 10-3705] select index 4 into 'wr_rresp_cnt' is out of bounds [/wrk/ci/prod/2024.2/sw/continuous/3059/packages/customer/vivado/data/ip/xilinx/processing_system7_vip_v1_0/hdl/processing_system7_vip_v1_0_vl_rfs.sv:8221]
WARNING: [VRFC 10-3705] select index 4 into 'rd_fifo_wr_ptr' is out of bounds [/wrk/ci/prod/2024.2/sw/continuous/3059/packages/customer/vivado/data/ip/xilinx/processing_system7_vip_v1_0/hdl/processing_system7_vip_v1_0_vl_rfs.sv:8240]
WARNING: [VRFC 10-3705] select index 4 into 'rd_cnt' is out of bounds [/wrk/ci/prod/2024.2/sw/continuous/3059/packages/customer/vivado/data/ip/xilinx/processing_system7_vip_v1_0/hdl/processing_system7_vip_v1_0_vl_rfs.sv:8381]
WARNING: [VRFC 10-3705] select index 4 into 'rresp_time_cnt' is out of bounds [/wrk/ci/prod/2024.2/sw/continuous/3059/packages/customer/vivado/data/ip/xilinx/processing_system7_vip_v1_0/hdl/processing_system7_vip_v1_0_vl_rfs.sv:8386]
WARNING: [VRFC 10-3705] select index 4 into 'rd_fifo_rd_ptr' is out of bounds [/wrk/ci/prod/2024.2/sw/continuous/3059/packages/customer/vivado/data/ip/xilinx/processing_system7_vip_v1_0/hdl/processing_system7_vip_v1_0_vl_rfs.sv:8391]
Compiling module processing_system7_vip_v1_0_21.processing_system7_vip_v1_0_21_a...
Compiling module processing_system7_vip_v1_0_21.processing_system7_vip_v1_0_21(C...
Compiling module xil_defaultlib.design_1_processing_system7_0_0
Compiling architecture imp of entity proc_sys_reset_v5_0_16.lpf [\lpf(c_ext_rst_width=4,c_aux_rst...]
Compiling architecture imp of entity proc_sys_reset_v5_0_16.proc_sys_reset [\proc_sys_reset(c_family="zynq",...]
Compiling architecture design_1_rst_ps7_0_50m_0_arch of entity xil_defaultlib.design_1_rst_ps7_0_50M_0 [design_1_rst_ps7_0_50m_0_default]
Compiling module xil_defaultlib.clk_divider(FRE_DIV=50)
Compiling module xil_defaultlib.waveform_measure(SAMPLE_NUM_WIDT...
Compiling module xil_defaultlib.design_1_waveform_measure_0_0
Compiling module xil_defaultlib.design_1_waveform_measure_0_1
Compiling module xil_defaultlib.design_1_waveform_measure_0_2
Compiling module xlconcat_v2_1_6.xlconcat_v2_1_6_xlconcat(IN0_WID...
Compiling module xil_defaultlib.design_1_xlconcat_0_0
Compiling module xil_defaultlib.design_1
Compiling module xil_defaultlib.design_1_wrapper
Compiling module xil_defaultlib.testbench
Compiling module xil_defaultlib.glbl
Built simulation snapshot testbench_behav
